Log file open, 03/25/24 17:56:59
LogWindows: Failed to load 'aqProf.dll' (GetLastError=126)
LogWindows: File 'aqProf.dll' does not exist
LogWindows: Failed to load 'VtuneApi.dll' (GetLastError=126)
LogWindows: File 'VtuneApi.dll' does not exist
LogWindows: Failed to load 'VtuneApi32e.dll' (GetLastError=126)
LogWindows: File 'VtuneApi32e.dll' does not exist
LogConsoleResponse: Display: Failed to find resolution value strings in scalability ini. Falling back to default.
LogConsoleResponse: Display: Failed to find resolution value strings in scalability ini. Falling back to default.
LogInit: Display: Running engine for game: A__SmothersSephen
LogPlatformFile: Not using cached read wrapper
LogTaskGraph: Started task graph with 5 named threads and 59 total threads with 3 sets of task threads.
LogStats: Stats thread started at 0.834155
LogICUInternationalization: ICU TimeZone Detection - Raw Offset: -5:00, Platform Override: ''
LogInit: Display: Loading text-based GConfig....
LogPluginManager: Mounting plugin MeshPainting
LogPluginManager: Mounting plugin XGEController
LogPluginManager: Mounting plugin AISupport
LogPluginManager: Mounting plugin Paper2D
LogPluginManager: Mounting plugin EnvironmentQueryEditor
LogPluginManager: Mounting plugin LiveLink
LogPluginManager: Mounting plugin CameraShakePreviewer
LogPluginManager: Mounting plugin GameplayCameras
LogPluginManager: Mounting plugin OodleData
LogPluginManager: Mounting plugin OodleNetwork
LogPluginManager: Mounting plugin LightPropagationVolume
LogPluginManager: Mounting plugin AnimationSharing
LogPluginManager: Mounting plugin CLionSourceCodeAccess
LogPluginManager: Mounting plugin CodeLiteSourceCodeAccess
LogPluginManager: Mounting plugin GitSourceControl
LogPluginManager: Mounting plugin NullSourceCodeAccess
LogPluginManager: Mounting plugin KDevelopSourceCodeAccess
LogPluginManager: Mounting plugin PlasticSourceControl
LogPluginManager: Mounting plugin PluginUtils
LogPluginManager: Mounting plugin PixWinPlugin
LogPluginManager: Mounting plugin PerforceSourceControl
LogPluginManager: Mounting plugin PropertyAccessNode
LogPluginManager: Mounting plugin RiderSourceCodeAccess
LogPluginManager: Mounting plugin SubversionSourceControl
LogPluginManager: Mounting plugin TextureFormatOodle
LogPluginManager: Mounting plugin UObjectPlugin
LogPluginManager: Mounting plugin VisualStudioCodeSourceCodeAccess
LogPluginManager: Mounting plugin VisualStudioSourceCodeAccess
LogPluginManager: Mounting plugin XCodeSourceCodeAccess
LogPluginManager: Mounting plugin AutomationUtils
LogPluginManager: Mounting plugin BackChannel
LogPluginManager: Mounting plugin AlembicImporter
LogPluginManager: Mounting plugin ChaosCloth
LogPluginManager: Mounting plugin ChaosClothEditor
LogPluginManager: Mounting plugin ChaosNiagara
LogPluginManager: Mounting plugin ChaosSolverPlugin
LogPluginManager: Mounting plugin CharacterAI
LogPluginManager: Mounting plugin ChaosEditor
LogPluginManager: Mounting plugin DatasmithContent
LogPluginManager: Mounting plugin VariantManagerContent
LogPluginManager: Mounting plugin GeometryCache
LogPluginManager: Mounting plugin GeometryProcessing
LogPluginManager: Mounting plugin GeometryCollectionPlugin
LogPluginManager: Mounting plugin MotoSynth
LogPluginManager: Mounting plugin OpenImageDenoise
LogPluginManager: Mounting plugin ProxyLODPlugin
LogPluginManager: Mounting plugin PythonScriptPlugin
LogPluginManager: Mounting plugin SkeletalReduction
LogPluginManager: Mounting plugin AssetManagerEditor
LogPluginManager: Mounting plugin CurveEditorTools
LogPluginManager: Mounting plugin DataValidation
LogPluginManager: Mounting plugin FacialAnimation
LogPluginManager: Mounting plugin GameplayTagsEditor
LogPluginManager: Mounting plugin CryptoKeys
LogPluginManager: Mounting plugin MacGraphicsSwitching
LogPluginManager: Mounting plugin PlanarCut
LogPluginManager: Mounting plugin MobileLauncherProfileWizard
LogPluginManager: Mounting plugin GeometryMode
LogPluginManager: Mounting plugin SpeedTreeImporter
LogPluginManager: Mounting plugin MagicLeap
LogPluginManager: Mounting plugin LuminPlatformFeatures
LogPluginManager: Mounting plugin MagicLeapLightEstimation
LogPluginManager: Mounting plugin MagicLeapMedia
LogPluginManager: Mounting plugin MagicLeapPassableWorld
LogPluginManager: Mounting plugin MLSDK
LogPluginManager: Mounting plugin AndroidMedia
LogPluginManager: Mounting plugin Niagara
LogPluginManager: Mounting plugin AvfMedia
LogPluginManager: Mounting plugin ImgMedia
LogPluginManager: Mounting plugin MediaCompositing
LogPluginManager: Mounting plugin PluginBrowser
LogPluginManager: Mounting plugin MediaPlayerEditor
LogPluginManager: Mounting plugin MaterialAnalyzer
LogPluginManager: Mounting plugin WmfMedia
LogPluginManager: Mounting plugin WebMMedia
LogPluginManager: Mounting plugin UdpMessaging
LogPluginManager: Mounting plugin TcpMessaging
LogPluginManager: Mounting plugin PlatformCrypto
LogPluginManager: Mounting plugin OnlineSubsystemNull
LogPluginManager: Mounting plugin OnlineSubsystem
LogPluginManager: Mounting plugin OnlineSubsystemUtils
LogPluginManager: Mounting plugin MatineeToLevelSequence
LogPluginManager: Mounting plugin LevelSequenceEditor
LogPluginManager: Mounting plugin ActorSequence
LogPluginManager: Mounting plugin TemplateSequence
LogPluginManager: Mounting plugin ActorLayerUtilities
LogPluginManager: Mounting plugin AndroidDeviceProfileSelector
LogPluginManager: Mounting plugin AndroidPermission
LogPluginManager: Mounting plugin AppleMoviePlayer
LogPluginManager: Mounting plugin AndroidMoviePlayer
LogPluginManager: Mounting plugin AssetTags
LogPluginManager: Mounting plugin ArchVisCharacter
LogPluginManager: Mounting plugin AudioCapture
LogPluginManager: Mounting plugin CableComponent
LogPluginManager: Mounting plugin AppleImageUtils
LogPluginManager: Mounting plugin CustomMeshComponent
LogPluginManager: Mounting plugin AudioSynesthesia
LogPluginManager: Mounting plugin ExampleDeviceProfileSelector
LogPluginManager: Mounting plugin EditableMesh
LogPluginManager: Mounting plugin GoogleCloudMessaging
LogPluginManager: Mounting plugin GooglePAD
LogPluginManager: Mounting plugin ChunkDownloader
LogPluginManager: Mounting plugin LauncherChunkInstaller
LogPluginManager: Mounting plugin LinuxDeviceProfileSelector
LogPluginManager: Mounting plugin IOSDeviceProfileSelector
LogPluginManager: Mounting plugin LocationServicesBPLibrary
LogPluginManager: Mounting plugin MobilePatchingUtils
LogPluginManager: Mounting plugin OpenXR
LogPluginManager: Mounting plugin OpenXREyeTracker
LogPluginManager: Mounting plugin ScreenshotTools
LogPluginManager: Mounting plugin OpenXRHandTracking
LogPluginManager: Mounting plugin PhysXVehicles
LogPluginManager: Mounting plugin PostSplashScreen
LogPluginManager: Mounting plugin PropertyAccessEditor
LogPluginManager: Mounting plugin SignificanceManager
LogPluginManager: Mounting plugin RuntimePhysXCooking
LogPluginManager: Mounting plugin SoundFields
LogPluginManager: Mounting plugin ProceduralMeshComponent
LogPluginManager: Mounting plugin Synthesis
LogPluginManager: Mounting plugin WebMMoviePlayer
LogPluginManager: Mounting plugin WindowsMoviePlayer
LogPluginManager: Mounting plugin Takes
LogPluginManager: Mounting plugin ContentBrowserAssetDataSource
LogPluginManager: Mounting plugin ContentBrowserClassDataSource
LogPluginManager: Mounting plugin ContentBrowserFileDataSource
LogPluginManager: Mounting plugin OnlineSubsystemIOS
LogPluginManager: Mounting plugin OnlineSubsystemGooglePlay
LogPluginManager: Mounting plugin OculusVR
PixWinPlugin: PIX capture plugin failed to initialize! Check that the process is launched from PIX.
LogInit: Using libcurl 7.55.1-DEV
LogInit:  - built for x86_64-pc-win32
LogInit:  - supports SSL with OpenSSL/1.1.1
LogInit:  - supports HTTP deflate (compression) using libz 1.2.8
LogInit:  - other features:
LogInit:      CURL_VERSION_SSL
LogInit:      CURL_VERSION_LIBZ
LogInit:      CURL_VERSION_IPV6
LogInit:      CURL_VERSION_ASYNCHDNS
LogInit:      CURL_VERSION_LARGEFILE
LogInit:      CURL_VERSION_IDN
LogInit:  CurlRequestOptions (configurable via config and command line):
LogInit:  - bVerifyPeer = true  - Libcurl will verify peer certificate
LogInit:  - bUseHttpProxy = false  - Libcurl will NOT use HTTP proxy
LogInit:  - bDontReuseConnections = false  - Libcurl will reuse connections
LogInit:  - MaxHostConnections = 16  - Libcurl will limit the number of connections to a host
LogInit:  - LocalHostAddr = Default
LogInit:  - BufferSize = 65536
LogOnline: OSS: Creating online subsystem instance for: NULL
LogInit: WinSock: version 1.1 (2.2), MaxSocks=32767, MaxUdp=65467
LogOnline: OSS: TryLoadSubsystemAndSetDefault: Loaded subsystem for module [NULL]
LogOculusPluginWrapper: OculusPlugin initialized successfully
LogHMD: Failed initializing OVRPlugin 1.59.0
LogInit: Build: ++UE4+Release-4.27-CL-18319896
LogInit: Engine Version: 4.27.2-18319896+++UE4+Release-4.27
LogInit: Compatible Engine Version: 4.27.0-17155196+++UE4+Release-4.27
LogInit: Net CL: 17155196
LogInit: OS: Windows 10 (Release 2009) (), CPU: 12th Gen Intel(R) Core(TM) i7-12700H, GPU: Intel(R) Iris(R) Xe Graphics
LogInit: Compiled (64-bit): Nov 30 2021 07:12:08
LogInit: Compiled with Visual C++: 19.24.28315.00
LogInit: Build Configuration: Development
LogInit: Branch Name: ++UE4+Release-4.27
LogInit: Command Line:  -skipcompile
LogInit: Base Directory: C:/Program Files/Epic Games/UE_4.27/Engine/Binaries/Win64/
LogInit: Allocator: TBB
LogInit: Installed Engine Build: 1
LogDevObjectVersion: Number of dev versions registered: 29
LogDevObjectVersion:   Dev-Blueprints (B0D832E4-1F89-4F0D-ACCF-7EB736FD4AA2): 10
LogDevObjectVersion:   Dev-Build (E1C64328-A22C-4D53-A36C-8E866417BD8C): 0
LogDevObjectVersion:   Dev-Core (375EC13C-06E4-48FB-B500-84F0262A717E): 4
LogDevObjectVersion:   Dev-Editor (E4B068ED-F494-42E9-A231-DA0B2E46BB41): 40
LogDevObjectVersion:   Dev-Framework (CFFC743F-43B0-4480-9391-14DF171D2073): 37
LogDevObjectVersion:   Dev-Mobile (B02B49B5-BB20-44E9-A304-32B752E40360): 3
LogDevObjectVersion:   Dev-Networking (A4E4105C-59A1-49B5-A7C5-40C4547EDFEE): 0
LogDevObjectVersion:   Dev-Online (39C831C9-5AE6-47DC-9A44-9C173E1C8E7C): 0
LogDevObjectVersion:   Dev-Physics (78F01B33-EBEA-4F98-B9B4-84EACCB95AA2): 14
LogDevObjectVersion:   Dev-Platform (6631380F-2D4D-43E0-8009-CF276956A95A): 0
LogDevObjectVersion:   Dev-Rendering (12F88B9F-8875-4AFC-A67C-D90C383ABD29): 45
LogDevObjectVersion:   Dev-Sequencer (7B5AE74C-D270-4C10-A958-57980B212A5A): 13
LogDevObjectVersion:   Dev-VR (D7296918-1DD6-4BDD-9DE2-64A83CC13884): 3
LogDevObjectVersion:   Dev-LoadTimes (C2A15278-BFE7-4AFE-6C17-90FF531DF755): 1
LogDevObjectVersion:   Private-Geometry (6EACA3D4-40EC-4CC1-B786-8BED09428FC5): 3
LogDevObjectVersion:   Dev-AnimPhys (29E575DD-E0A3-4627-9D10-D276232CDCEA): 17
LogDevObjectVersion:   Dev-Anim (AF43A65D-7FD3-4947-9873-3E8ED9C1BB05): 15
LogDevObjectVersion:   Dev-ReflectionCapture (6B266CEC-1EC7-4B8F-A30B-E4D90942FC07): 1
LogDevObjectVersion:   Dev-Automation (0DF73D61-A23F-47EA-B727-89E90C41499A): 1
LogDevObjectVersion:   FortniteMain (601D1886-AC64-4F84-AA16-D3DE0DEAC7D6): 47
LogDevObjectVersion:   FortniteRelease (E7086368-6B23-4C58-8439-1B7016265E91): 1
LogDevObjectVersion:   Dev-Enterprise (9DFFBCD6-494F-0158-E221-12823C92A888): 10
LogDevObjectVersion:   Dev-Niagara (F2AED0AC-9AFE-416F-8664-AA7FFA26D6FC): 1
LogDevObjectVersion:   Dev-Destruction (174F1F0B-B4C6-45A5-B13F-2EE8D0FB917D): 10
LogDevObjectVersion:   Dev-Physics-Ext (35F94A83-E258-406C-A318-09F59610247C): 41
LogDevObjectVersion:   Dev-PhysicsMaterial-Chaos (B68FC16E-8B1B-42E2-B453-215C058844FE): 1
LogDevObjectVersion:   Dev-CineCamera (B2E18506-4273-CFC2-A54E-F4BB758BBA07): 1
LogDevObjectVersion:   Dev-VirtualProduction (64F58936-FD1B-42BA-BA96-7289D5D0FA4E): 1
LogDevObjectVersion:   Dev-MediaFramework (6F0ED827-A609-4895-9C91-998D90180EA4): 2
LogInit: Presizing for max 25165824 objects, including 0 objects not considered by GC, pre-allocating 0 bytes for permanent pool.
LogConfig: Applying CVar settings from Section [/Script/Engine.StreamingSettings] File [C:/Users/sephe/OneDrive/Desktop/Unreal/UnrealProjects/A__SmothersSephen/Saved/Config/Windows/Engine.ini]
LogConfig: Setting CVar [[s.MinBulkDataSizeForAsyncLoading:131072]]
LogConfig: Setting CVar [[s.AsyncLoadingThreadEnabled:0]]
LogConfig: Setting CVar [[s.EventDrivenLoaderEnabled:1]]
LogConfig: Setting CVar [[s.WarnIfTimeLimitExceeded:0]]
LogConfig: Setting CVar [[s.TimeLimitExceededMultiplier:1.5]]
LogConfig: Setting CVar [[s.TimeLimitExceededMinTime:0.005]]
LogConfig: Setting CVar [[s.UseBackgroundLevelStreaming:1]]
LogConfig: Setting CVar [[s.PriorityAsyncLoadingExtraTime:15.0]]
LogConfig: Setting CVar [[s.LevelStreamingActorsUpdateTimeLimit:5.0]]
LogConfig: Setting CVar [[s.PriorityLevelStreamingActorsUpdateExtraTime:5.0]]
LogConfig: Setting CVar [[s.LevelStreamingComponentsRegistrationGranularity:10]]
LogConfig: Setting CVar [[s.UnregisterComponentsTimeLimit:1.0]]
LogConfig: Setting CVar [[s.LevelStreamingComponentsUnregistrationGranularity:5]]
LogConfig: Setting CVar [[s.FlushStreamingOnExit:1]]
LogInit: Object subsystem initialized
LogConfig: Setting CVar [[con.DebugEarlyDefault:1]]
LogConfig: Setting CVar [[r.setres:1280x720]]
[2024.03.25-21.57.02:572][  0]LogConfig: Setting CVar [[r.VSync:0]]
[2024.03.25-21.57.02:572][  0]LogConfig: Setting CVar [[r.RHICmdBypass:0]]
[2024.03.25-21.57.02:572][  0]LogConfig: Applying CVar settings from Section [/Script/Engine.RendererSettings] File [C:/Users/sephe/OneDrive/Desktop/Unreal/UnrealProjects/A__SmothersSephen/Saved/Config/Windows/Engine.ini]
[2024.03.25-21.57.02:572][  0]LogConfig: Setting CVar [[r.GPUCrashDebugging:0]]
[2024.03.25-21.57.02:573][  0]LogConfig: Applying CVar settings from Section [/Script/Engine.RendererOverrideSettings] File [C:/Users/sephe/OneDrive/Desktop/Unreal/UnrealProjects/A__SmothersSephen/Saved/Config/Windows/Engine.ini]
[2024.03.25-21.57.02:573][  0]LogConfig: Applying CVar settings from Section [/Script/Engine.StreamingSettings] File [C:/Users/sephe/OneDrive/Desktop/Unreal/UnrealProjects/A__SmothersSephen/Saved/Config/Windows/Engine.ini]
[2024.03.25-21.57.02:573][  0]LogConfig: Setting CVar [[s.MinBulkDataSizeForAsyncLoading:131072]]
[2024.03.25-21.57.02:573][  0]LogConfig: Setting CVar [[s.AsyncLoadingThreadEnabled:0]]
[2024.03.25-21.57.02:574][  0]LogConfig: Setting CVar [[s.EventDrivenLoaderEnabled:1]]
[2024.03.25-21.57.02:574][  0]LogConfig: Setting CVar [[s.WarnIfTimeLimitExceeded:0]]
[2024.03.25-21.57.02:574][  0]LogConfig: Setting CVar [[s.TimeLimitExceededMultiplier:1.5]]
[2024.03.25-21.57.02:574][  0]LogConfig: Setting CVar [[s.TimeLimitExceededMinTime:0.005]]
[2024.03.25-21.57.02:575][  0]LogConfig: Setting CVar [[s.UseBackgroundLevelStreaming:1]]
[2024.03.25-21.57.02:575][  0]LogConfig: Setting CVar [[s.PriorityAsyncLoadingExtraTime:15.0]]
[2024.03.25-21.57.02:576][  0]LogConfig: Setting CVar [[s.LevelStreamingActorsUpdateTimeLimit:5.0]]
[2024.03.25-21.57.02:576][  0]LogConfig: Setting CVar [[s.PriorityLevelStreamingActorsUpdateExtraTime:5.0]]
[2024.03.25-21.57.02:576][  0]LogConfig: Setting CVar [[s.LevelStreamingComponentsRegistrationGranularity:10]]
[2024.03.25-21.57.02:576][  0]LogConfig: Setting CVar [[s.UnregisterComponentsTimeLimit:1.0]]
[2024.03.25-21.57.02:577][  0]LogConfig: Setting CVar [[s.LevelStreamingComponentsUnregistrationGranularity:5]]
[2024.03.25-21.57.02:578][  0]LogConfig: Setting CVar [[s.FlushStreamingOnExit:1]]
[2024.03.25-21.57.02:578][  0]LogConfig: Applying CVar settings from Section [/Script/Engine.GarbageCollectionSettings] File [C:/Users/sephe/OneDrive/Desktop/Unreal/UnrealProjects/A__SmothersSephen/Saved/Config/Windows/Engine.ini]
[2024.03.25-21.57.02:578][  0]LogConfig: Setting CVar [[gc.MaxObjectsNotConsideredByGC:1]]
[2024.03.25-21.57.02:578][  0]LogConfig: Setting CVar [[gc.SizeOfPermanentObjectPool:0]]
[2024.03.25-21.57.02:579][  0]LogConfig: Setting CVar [[gc.FlushStreamingOnGC:0]]
[2024.03.25-21.57.02:579][  0]LogConfig: Setting CVar [[gc.NumRetriesBeforeForcingGC:10]]
[2024.03.25-21.57.02:579][  0]LogConfig: Setting CVar [[gc.AllowParallelGC:1]]
[2024.03.25-21.57.02:579][  0]LogConfig: Setting CVar [[gc.TimeBetweenPurgingPendingKillObjects:61.1]]
[2024.03.25-21.57.02:579][  0]LogConfig: Setting CVar [[gc.MaxObjectsInEditor:25165824]]
[2024.03.25-21.57.02:580][  0]LogConfig: Setting CVar [[gc.IncrementalBeginDestroyEnabled:1]]
[2024.03.25-21.57.02:580][  0]LogConfig: Setting CVar [[gc.CreateGCClusters:1]]
[2024.03.25-21.57.02:580][  0]LogConfig: Setting CVar [[gc.MinGCClusterSize:5]]
[2024.03.25-21.57.02:580][  0]LogConfig: Setting CVar [[gc.ActorClusteringEnabled:0]]
[2024.03.25-21.57.02:581][  0]LogConfig: Setting CVar [[gc.BlueprintClusteringEnabled:0]]
[2024.03.25-21.57.02:581][  0]LogConfig: Setting CVar [[gc.UseDisregardForGCOnDedicatedServers:0]]
[2024.03.25-21.57.02:581][  0]LogConfig: Setting CVar [[gc.MultithreadedDestructionEnabled:1]]
[2024.03.25-21.57.02:581][  0]LogConfig: Applying CVar settings from Section [/Script/Engine.NetworkSettings] File [C:/Users/sephe/OneDrive/Desktop/Unreal/UnrealProjects/A__SmothersSephen/Saved/Config/Windows/Engine.ini]
[2024.03.25-21.57.02:582][  0]LogConfig: Applying CVar settings from Section [/Script/UnrealEd.CookerSettings] File [C:/Users/sephe/OneDrive/Desktop/Unreal/UnrealProjects/A__SmothersSephen/Saved/Config/Windows/Engine.ini]
[2024.03.25-21.57.02:628][  0]LogConfig: Applying CVar settings from Section [ViewDistanceQuality@3] File [C:/Users/sephe/OneDrive/Desktop/Unreal/UnrealProjects/A__SmothersSephen/Saved/Config/Windows/Scalability.ini]
[2024.03.25-21.57.02:628][  0]LogConfig: Setting CVar [[r.SkeletalMeshLODBias:0]]
[2024.03.25-21.57.02:628][  0]LogConfig: Setting CVar [[r.ViewDistanceScale:1.0]]
[2024.03.25-21.57.02:628][  0]LogConfig: Applying CVar settings from Section [AntiAliasingQuality@3] File [C:/Users/sephe/OneDrive/Desktop/Unreal/UnrealProjects/A__SmothersSephen/Saved/Config/Windows/Scalability.ini]
[2024.03.25-21.57.02:628][  0]LogConfig: Setting CVar [[r.PostProcessAAQuality:4]]
[2024.03.25-21.57.02:628][  0]LogConfig: Applying CVar settings from Section [ShadowQuality@3] File [C:/Users/sephe/OneDrive/Desktop/Unreal/UnrealProjects/A__SmothersSephen/Saved/Config/Windows/Scalability.ini]
[2024.03.25-21.57.02:628][  0]LogConfig: Setting CVar [[r.LightFunctionQuality:1]]
[2024.03.25-21.57.02:629][  0]LogConfig: Setting CVar [[r.ShadowQuality:5]]
[2024.03.25-21.57.02:629][  0]LogConfig: Setting CVar [[r.Shadow.CSM.MaxCascades:10]]
[2024.03.25-21.57.02:629][  0]LogConfig: Setting CVar [[r.Shadow.MaxResolution:2048]]
[2024.03.25-21.57.02:629][  0]LogConfig: Setting CVar [[r.Shadow.MaxCSMResolution:2048]]
[2024.03.25-21.57.02:629][  0]LogConfig: Setting CVar [[r.Shadow.RadiusThreshold:0.01]]
[2024.03.25-21.57.02:629][  0]LogConfig: Setting CVar [[r.Shadow.DistanceScale:1.0]]
[2024.03.25-21.57.02:630][  0]LogConfig: Setting CVar [[r.Shadow.CSM.TransitionScale:1.0]]
[2024.03.25-21.57.02:630][  0]LogConfig: Setting CVar [[r.Shadow.PreShadowResolutionFactor:1.0]]
[2024.03.25-21.57.02:630][  0]LogConfig: Setting CVar [[r.DistanceFieldShadowing:1]]
[2024.03.25-21.57.02:631][  0]LogConfig: Setting CVar [[r.DistanceFieldAO:1]]
[2024.03.25-21.57.02:631][  0]LogConfig: Setting CVar [[r.AOQuality:2]]
[2024.03.25-21.57.02:631][  0]LogConfig: Setting CVar [[r.VolumetricFog:1]]
[2024.03.25-21.57.02:631][  0]LogConfig: Setting CVar [[r.VolumetricFog.GridPixelSize:8]]
[2024.03.25-21.57.02:632][  0]LogConfig: Setting CVar [[r.VolumetricFog.GridSizeZ:128]]
[2024.03.25-21.57.02:632][  0]LogConfig: Setting CVar [[r.VolumetricFog.HistoryMissSupersampleCount:4]]
[2024.03.25-21.57.02:632][  0]LogConfig: Setting CVar [[r.LightMaxDrawDistanceScale:1]]
[2024.03.25-21.57.02:632][  0]LogConfig: Setting CVar [[r.CapsuleShadows:1]]
[2024.03.25-21.57.02:633][  0]LogConfig: Applying CVar settings from Section [PostProcessQuality@3] File [C:/Users/sephe/OneDrive/Desktop/Unreal/UnrealProjects/A__SmothersSephen/Saved/Config/Windows/Scalability.ini]
[2024.03.25-21.57.02:633][  0]LogConfig: Setting CVar [[r.MotionBlurQuality:4]]
[2024.03.25-21.57.02:633][  0]LogConfig: Setting CVar [[r.AmbientOcclusionMipLevelFactor:0.4]]
[2024.03.25-21.57.02:634][  0]LogConfig: Setting CVar [[r.AmbientOcclusionMaxQuality:100]]
[2024.03.25-21.57.02:634][  0]LogConfig: Setting CVar [[r.AmbientOcclusionLevels:-1]]
[2024.03.25-21.57.02:634][  0]LogConfig: Setting CVar [[r.AmbientOcclusionRadiusScale:1.0]]
[2024.03.25-21.57.02:634][  0]LogConfig: Setting CVar [[r.DepthOfFieldQuality:2]]
[2024.03.25-21.57.02:635][  0]LogConfig: Setting CVar [[r.RenderTargetPoolMin:400]]
[2024.03.25-21.57.02:635][  0]LogConfig: Setting CVar [[r.LensFlareQuality:2]]
[2024.03.25-21.57.02:635][  0]LogConfig: Setting CVar [[r.SceneColorFringeQuality:1]]
[2024.03.25-21.57.02:636][  0]LogConfig: Setting CVar [[r.EyeAdaptationQuality:2]]
[2024.03.25-21.57.02:636][  0]LogConfig: Setting CVar [[r.BloomQuality:5]]
[2024.03.25-21.57.02:636][  0]LogConfig: Setting CVar [[r.FastBlurThreshold:100]]
[2024.03.25-21.57.02:636][  0]LogConfig: Setting CVar [[r.Upscale.Quality:3]]
[2024.03.25-21.57.02:637][  0]LogConfig: Setting CVar [[r.Tonemapper.GrainQuantization:1]]
[2024.03.25-21.57.02:637][  0]LogConfig: Setting CVar [[r.LightShaftQuality:1]]
[2024.03.25-21.57.02:637][  0]LogConfig: Setting CVar [[r.Filter.SizeScale:1]]
[2024.03.25-21.57.02:637][  0]LogConfig: Setting CVar [[r.Tonemapper.Quality:5]]
[2024.03.25-21.57.02:638][  0]LogConfig: Setting CVar [[r.DOF.Gather.AccumulatorQuality:1        ; higher gathering accumulator quality]]
[2024.03.25-21.57.02:638][  0]LogConfig: Setting CVar [[r.DOF.Gather.PostfilterMethod:1          ; Median3x3 postfilering method]]
[2024.03.25-21.57.02:638][  0]LogConfig: Setting CVar [[r.DOF.Gather.EnableBokehSettings:0       ; no bokeh simulation when gathering]]
[2024.03.25-21.57.02:638][  0]LogConfig: Setting CVar [[r.DOF.Gather.RingCount:4                 ; medium number of samples when gathering]]
[2024.03.25-21.57.02:638][  0]LogConfig: Setting CVar [[r.DOF.Scatter.ForegroundCompositing:1    ; additive foreground scattering]]
[2024.03.25-21.57.02:639][  0]LogConfig: Setting CVar [[r.DOF.Scatter.BackgroundCompositing:2    ; additive background scattering]]
[2024.03.25-21.57.02:639][  0]LogConfig: Setting CVar [[r.DOF.Scatter.EnableBokehSettings:1      ; bokeh simulation when scattering]]
[2024.03.25-21.57.02:639][  0]LogConfig: Setting CVar [[r.DOF.Scatter.MaxSpriteRatio:0.1         ; only a maximum of 10% of scattered bokeh]]
[2024.03.25-21.57.02:639][  0]LogConfig: Setting CVar [[r.DOF.Recombine.Quality:1                ; cheap slight out of focus]]
[2024.03.25-21.57.02:640][  0]LogConfig: Setting CVar [[r.DOF.Recombine.EnableBokehSettings:0    ; no bokeh simulation on slight out of focus]]
[2024.03.25-21.57.02:640][  0]LogConfig: Setting CVar [[r.DOF.TemporalAAQuality:1                ; more stable temporal accumulation]]
[2024.03.25-21.57.02:640][  0]LogConfig: Setting CVar [[r.DOF.Kernel.MaxForegroundRadius:0.025]]
[2024.03.25-21.57.02:640][  0]LogConfig: Setting CVar [[r.DOF.Kernel.MaxBackgroundRadius:0.025]]
[2024.03.25-21.57.02:640][  0]LogConfig: Applying CVar settings from Section [TextureQuality@3] File [C:/Users/sephe/OneDrive/Desktop/Unreal/UnrealProjects/A__SmothersSephen/Saved/Config/Windows/Scalability.ini]
[2024.03.25-21.57.02:641][  0]LogConfig: Setting CVar [[r.Streaming.MipBias:0]]
[2024.03.25-21.57.02:641][  0]LogConfig: Setting CVar [[r.Streaming.AmortizeCPUToGPUCopy:0]]
[2024.03.25-21.57.02:641][  0]LogConfig: Setting CVar [[r.Streaming.MaxNumTexturesToStreamPerFrame:0]]
[2024.03.25-21.57.02:641][  0]LogConfig: Setting CVar [[r.Streaming.Boost:1]]
[2024.03.25-21.57.02:641][  0]LogConfig: Setting CVar [[r.MaxAnisotropy:8]]
[2024.03.25-21.57.02:642][  0]LogConfig: Setting CVar [[r.VT.MaxAnisotropy:8]]
[2024.03.25-21.57.02:642][  0]LogConfig: Setting CVar [[r.Streaming.LimitPoolSizeToVRAM:0]]
[2024.03.25-21.57.02:642][  0]LogConfig: Setting CVar [[r.Streaming.PoolSize:1000]]
[2024.03.25-21.57.02:642][  0]LogConfig: Setting CVar [[r.Streaming.MaxEffectiveScreenSize:0]]
[2024.03.25-21.57.02:643][  0]LogConfig: Applying CVar settings from Section [EffectsQuality@3] File [C:/Users/sephe/OneDrive/Desktop/Unreal/UnrealProjects/A__SmothersSephen/Saved/Config/Windows/Scalability.ini]
[2024.03.25-21.57.02:643][  0]LogConfig: Setting CVar [[r.TranslucencyLightingVolumeDim:64]]
[2024.03.25-21.57.02:643][  0]LogConfig: Setting CVar [[r.RefractionQuality:2]]
[2024.03.25-21.57.02:643][  0]LogConfig: Setting CVar [[r.SSR.Quality:3]]
[2024.03.25-21.57.02:644][  0]LogConfig: Setting CVar [[r.SSR.HalfResSceneColor:0]]
[2024.03.25-21.57.02:644][  0]LogConfig: Setting CVar [[r.SceneColorFormat:4]]
[2024.03.25-21.57.02:644][  0]LogConfig: Setting CVar [[r.DetailMode:2]]
[2024.03.25-21.57.02:644][  0]LogConfig: Setting CVar [[r.TranslucencyVolumeBlur:1]]
[2024.03.25-21.57.02:644][  0]LogConfig: Setting CVar [[r.MaterialQualityLevel:1 ; High quality]]
[2024.03.25-21.57.02:645][  0]LogConfig: Setting CVar [[r.AnisotropicMaterials:1]]
[2024.03.25-21.57.02:645][  0]LogConfig: Setting CVar [[r.SSS.Scale:1]]
[2024.03.25-21.57.02:645][  0]LogConfig: Setting CVar [[r.SSS.SampleSet:2]]
[2024.03.25-21.57.02:645][  0]LogConfig: Setting CVar [[r.SSS.Quality:1]]
[2024.03.25-21.57.02:645][  0]LogConfig: Setting CVar [[r.SSS.HalfRes:0]]
[2024.03.25-21.57.02:645][  0]LogConfig: Setting CVar [[r.SSGI.Quality:3]]
[2024.03.25-21.57.02:645][  0]LogConfig: Setting CVar [[r.EmitterSpawnRateScale:1.0]]
[2024.03.25-21.57.02:645][  0]LogConfig: Setting CVar [[r.ParticleLightQuality:2]]
[2024.03.25-21.57.02:647][  0]LogConfig: Setting CVar [[r.SkyAtmosphere.AerialPerspectiveLUT.FastApplyOnOpaque:1 ; Always have FastSkyLUT 1 in this case to avoid wrong sky]]
[2024.03.25-21.57.02:647][  0]LogConfig: Setting CVar [[r.SkyAtmosphere.AerialPerspectiveLUT.SampleCountMaxPerSlice:4]]
[2024.03.25-21.57.02:647][  0]LogConfig: Setting CVar [[r.SkyAtmosphere.AerialPerspectiveLUT.DepthResolution:16.0]]
[2024.03.25-21.57.02:647][  0]LogConfig: Setting CVar [[r.SkyAtmosphere.FastSkyLUT:1]]
[2024.03.25-21.57.02:647][  0]LogConfig: Setting CVar [[r.SkyAtmosphere.FastSkyLUT.SampleCountMin:4.0]]
[2024.03.25-21.57.02:647][  0]LogConfig: Setting CVar [[r.SkyAtmosphere.FastSkyLUT.SampleCountMax:128.0]]
[2024.03.25-21.57.02:648][  0]LogConfig: Setting CVar [[r.SkyAtmosphere.SampleCountMin:4.0]]
[2024.03.25-21.57.02:648][  0]LogConfig: Setting CVar [[r.SkyAtmosphere.SampleCountMax:128.0]]
[2024.03.25-21.57.02:648][  0]LogConfig: Setting CVar [[r.SkyAtmosphere.TransmittanceLUT.UseSmallFormat:0]]
[2024.03.25-21.57.02:648][  0]LogConfig: Setting CVar [[r.SkyAtmosphere.TransmittanceLUT.SampleCount:10.0]]
[2024.03.25-21.57.02:649][  0]LogConfig: Setting CVar [[r.SkyAtmosphere.MultiScatteringLUT.SampleCount:15.0]]
[2024.03.25-21.57.02:649][  0]LogConfig: Setting CVar [[r.SkyLight.RealTimeReflectionCapture:1]]
[2024.03.25-21.57.02:649][  0]LogConfig: Applying CVar settings from Section [FoliageQuality@3] File [C:/Users/sephe/OneDrive/Desktop/Unreal/UnrealProjects/A__SmothersSephen/Saved/Config/Windows/Scalability.ini]
[2024.03.25-21.57.02:649][  0]LogConfig: Setting CVar [[foliage.DensityScale:1.0]]
[2024.03.25-21.57.02:649][  0]LogConfig: Setting CVar [[grass.DensityScale:1.0]]
[2024.03.25-21.57.02:649][  0]LogConfig: Applying CVar settings from Section [ShadingQuality@3] File [C:/Users/sephe/OneDrive/Desktop/Unreal/UnrealProjects/A__SmothersSephen/Saved/Config/Windows/Scalability.ini]
[2024.03.25-21.57.02:650][  0]LogConfig: Setting CVar [[r.HairStrands.SkyLighting.IntegrationType:2]]
[2024.03.25-21.57.02:650][  0]LogConfig: Setting CVar [[r.HairStrands.SkyAO.SampleCount:4]]
[2024.03.25-21.57.02:650][  0]LogConfig: Setting CVar [[r.HairStrands.Visibility.MSAA.SamplePerPixel:4]]
[2024.03.25-21.57.02:650][  0]LogInit: Selected Device Profile: [Windows]
[2024.03.25-21.57.02:650][  0]LogInit: Applying CVar settings loaded from the selected device profile: [Windows]
[2024.03.25-21.57.02:651][  0]LogHAL: Display: Platform has ~ 16 GB [16866537472 / 17179869184 / 16], which maps to Larger [LargestMinGB=32, LargerMinGB=12, DefaultMinGB=8, SmallerMinGB=6, SmallestMinGB=0)
[2024.03.25-21.57.02:652][  0]LogInit: Going up to parent DeviceProfile []
[2024.03.25-21.57.02:652][  0]LogConfig: Applying CVar settings from Section [ViewDistanceQuality@3] File [C:/Users/sephe/OneDrive/Desktop/Unreal/UnrealProjects/A__SmothersSephen/Saved/Config/Windows/Scalability.ini]
[2024.03.25-21.57.02:652][  0]LogConfig: Setting CVar [[r.SkeletalMeshLODBias:0]]
[2024.03.25-21.57.02:652][  0]LogConfig: Setting CVar [[r.ViewDistanceScale:1.0]]
[2024.03.25-21.57.02:653][  0]LogConfig: Applying CVar settings from Section [AntiAliasingQuality@3] File [C:/Users/sephe/OneDrive/Desktop/Unreal/UnrealProjects/A__SmothersSephen/Saved/Config/Windows/Scalability.ini]
[2024.03.25-21.57.02:653][  0]LogConfig: Setting CVar [[r.PostProcessAAQuality:4]]
[2024.03.25-21.57.02:653][  0]LogConfig: Applying CVar settings from Section [ShadowQuality@3] File [C:/Users/sephe/OneDrive/Desktop/Unreal/UnrealProjects/A__SmothersSephen/Saved/Config/Windows/Scalability.ini]
[2024.03.25-21.57.02:653][  0]LogConfig: Setting CVar [[r.LightFunctionQuality:1]]
[2024.03.25-21.57.02:654][  0]LogConfig: Setting CVar [[r.ShadowQuality:5]]
[2024.03.25-21.57.02:654][  0]LogConfig: Setting CVar [[r.Shadow.CSM.MaxCascades:10]]
[2024.03.25-21.57.02:654][  0]LogConfig: Setting CVar [[r.Shadow.MaxResolution:2048]]
[2024.03.25-21.57.02:654][  0]LogConfig: Setting CVar [[r.Shadow.MaxCSMResolution:2048]]
[2024.03.25-21.57.02:654][  0]LogConfig: Setting CVar [[r.Shadow.RadiusThreshold:0.01]]
[2024.03.25-21.57.02:655][  0]LogConfig: Setting CVar [[r.Shadow.DistanceScale:1.0]]
[2024.03.25-21.57.02:655][  0]LogConfig: Setting CVar [[r.Shadow.CSM.TransitionScale:1.0]]
[2024.03.25-21.57.02:655][  0]LogConfig: Setting CVar [[r.Shadow.PreShadowResolutionFactor:1.0]]
[2024.03.25-21.57.02:655][  0]LogConfig: Setting CVar [[r.DistanceFieldShadowing:1]]
[2024.03.25-21.57.02:655][  0]LogConfig: Setting CVar [[r.DistanceFieldAO:1]]
[2024.03.25-21.57.02:656][  0]LogConfig: Setting CVar [[r.AOQuality:2]]
[2024.03.25-21.57.02:656][  0]LogConfig: Setting CVar [[r.VolumetricFog:1]]
[2024.03.25-21.57.02:656][  0]LogConfig: Setting CVar [[r.VolumetricFog.GridPixelSize:8]]
[2024.03.25-21.57.02:656][  0]LogConfig: Setting CVar [[r.VolumetricFog.GridSizeZ:128]]
[2024.03.25-21.57.02:656][  0]LogConfig: Setting CVar [[r.VolumetricFog.HistoryMissSupersampleCount:4]]
[2024.03.25-21.57.02:656][  0]LogConfig: Setting CVar [[r.LightMaxDrawDistanceScale:1]]
[2024.03.25-21.57.02:657][  0]LogConfig: Setting CVar [[r.CapsuleShadows:1]]
[2024.03.25-21.57.02:657][  0]LogConfig: Applying CVar settings from Section [PostProcessQuality@3] File [C:/Users/sephe/OneDrive/Desktop/Unreal/UnrealProjects/A__SmothersSephen/Saved/Config/Windows/Scalability.ini]
[2024.03.25-21.57.02:657][  0]LogConfig: Setting CVar [[r.MotionBlurQuality:4]]
[2024.03.25-21.57.02:657][  0]LogConfig: Setting CVar [[r.AmbientOcclusionMipLevelFactor:0.4]]
[2024.03.25-21.57.02:657][  0]LogConfig: Setting CVar [[r.AmbientOcclusionMaxQuality:100]]
[2024.03.25-21.57.02:657][  0]LogConfig: Setting CVar [[r.AmbientOcclusionLevels:-1]]
[2024.03.25-21.57.02:657][  0]LogConfig: Setting CVar [[r.AmbientOcclusionRadiusScale:1.0]]
[2024.03.25-21.57.02:658][  0]LogConfig: Setting CVar [[r.DepthOfFieldQuality:2]]
[2024.03.25-21.57.02:658][  0]LogConfig: Setting CVar [[r.RenderTargetPoolMin:400]]
[2024.03.25-21.57.02:658][  0]LogConfig: Setting CVar [[r.LensFlareQuality:2]]
[2024.03.25-21.57.02:658][  0]LogConfig: Setting CVar [[r.SceneColorFringeQuality:1]]
[2024.03.25-21.57.02:659][  0]LogConfig: Setting CVar [[r.EyeAdaptationQuality:2]]
[2024.03.25-21.57.02:659][  0]LogConfig: Setting CVar [[r.BloomQuality:5]]
[2024.03.25-21.57.02:659][  0]LogConfig: Setting CVar [[r.FastBlurThreshold:100]]
[2024.03.25-21.57.02:659][  0]LogConfig: Setting CVar [[r.Upscale.Quality:3]]
[2024.03.25-21.57.02:659][  0]LogConfig: Setting CVar [[r.Tonemapper.GrainQuantization:1]]
[2024.03.25-21.57.02:660][  0]LogConfig: Setting CVar [[r.LightShaftQuality:1]]
[2024.03.25-21.57.02:660][  0]LogConfig: Setting CVar [[r.Filter.SizeScale:1]]
[2024.03.25-21.57.02:660][  0]LogConfig: Setting CVar [[r.Tonemapper.Quality:5]]
[2024.03.25-21.57.02:660][  0]LogConfig: Setting CVar [[r.DOF.Gather.AccumulatorQuality:1        ; higher gathering accumulator quality]]
[2024.03.25-21.57.02:660][  0]LogConfig: Setting CVar [[r.DOF.Gather.PostfilterMethod:1          ; Median3x3 postfilering method]]
[2024.03.25-21.57.02:661][  0]LogConfig: Setting CVar [[r.DOF.Gather.EnableBokehSettings:0       ; no bokeh simulation when gathering]]
[2024.03.25-21.57.02:661][  0]LogConfig: Setting CVar [[r.DOF.Gather.RingCount:4                 ; medium number of samples when gathering]]
[2024.03.25-21.57.02:661][  0]LogConfig: Setting CVar [[r.DOF.Scatter.ForegroundCompositing:1    ; additive foreground scattering]]
[2024.03.25-21.57.02:661][  0]LogConfig: Setting CVar [[r.DOF.Scatter.BackgroundCompositing:2    ; additive background scattering]]
[2024.03.25-21.57.02:661][  0]LogConfig: Setting CVar [[r.DOF.Scatter.EnableBokehSettings:1      ; bokeh simulation when scattering]]
[2024.03.25-21.57.02:662][  0]LogConfig: Setting CVar [[r.DOF.Scatter.MaxSpriteRatio:0.1         ; only a maximum of 10% of scattered bokeh]]
[2024.03.25-21.57.02:662][  0]LogConfig: Setting CVar [[r.DOF.Recombine.Quality:1                ; cheap slight out of focus]]
[2024.03.25-21.57.02:662][  0]LogConfig: Setting CVar [[r.DOF.Recombine.EnableBokehSettings:0    ; no bokeh simulation on slight out of focus]]
[2024.03.25-21.57.02:662][  0]LogConfig: Setting CVar [[r.DOF.TemporalAAQuality:1                ; more stable temporal accumulation]]
[2024.03.25-21.57.02:662][  0]LogConfig: Setting CVar [[r.DOF.Kernel.MaxForegroundRadius:0.025]]
[2024.03.25-21.57.02:663][  0]LogConfig: Setting CVar [[r.DOF.Kernel.MaxBackgroundRadius:0.025]]
[2024.03.25-21.57.02:663][  0]LogConfig: Applying CVar settings from Section [TextureQuality@3] File [C:/Users/sephe/OneDrive/Desktop/Unreal/UnrealProjects/A__SmothersSephen/Saved/Config/Windows/Scalability.ini]
[2024.03.25-21.57.02:663][  0]LogConfig: Setting CVar [[r.Streaming.MipBias:0]]
[2024.03.25-21.57.02:663][  0]LogConfig: Setting CVar [[r.Streaming.AmortizeCPUToGPUCopy:0]]
[2024.03.25-21.57.02:664][  0]LogConfig: Setting CVar [[r.Streaming.MaxNumTexturesToStreamPerFrame:0]]
[2024.03.25-21.57.02:664][  0]LogConfig: Setting CVar [[r.Streaming.Boost:1]]
[2024.03.25-21.57.02:664][  0]LogConfig: Setting CVar [[r.MaxAnisotropy:8]]
[2024.03.25-21.57.02:664][  0]LogConfig: Setting CVar [[r.VT.MaxAnisotropy:8]]
[2024.03.25-21.57.02:665][  0]LogConfig: Setting CVar [[r.Streaming.LimitPoolSizeToVRAM:0]]
[2024.03.25-21.57.02:665][  0]LogConfig: Setting CVar [[r.Streaming.PoolSize:1000]]
[2024.03.25-21.57.02:665][  0]LogConfig: Setting CVar [[r.Streaming.MaxEffectiveScreenSize:0]]
[2024.03.25-21.57.02:665][  0]LogConfig: Applying CVar settings from Section [EffectsQuality@3] File [C:/Users/sephe/OneDrive/Desktop/Unreal/UnrealProjects/A__SmothersSephen/Saved/Config/Windows/Scalability.ini]
[2024.03.25-21.57.02:665][  0]LogConfig: Setting CVar [[r.TranslucencyLightingVolumeDim:64]]
[2024.03.25-21.57.02:665][  0]LogConfig: Setting CVar [[r.RefractionQuality:2]]
[2024.03.25-21.57.02:665][  0]LogConfig: Setting CVar [[r.SSR.Quality:3]]
[2024.03.25-21.57.02:665][  0]LogConfig: Setting CVar [[r.SSR.HalfResSceneColor:0]]
[2024.03.25-21.57.02:667][  0]LogConfig: Setting CVar [[r.SceneColorFormat:4]]
[2024.03.25-21.57.02:667][  0]LogConfig: Setting CVar [[r.DetailMode:2]]
[2024.03.25-21.57.02:667][  0]LogConfig: Setting CVar [[r.TranslucencyVolumeBlur:1]]
[2024.03.25-21.57.02:667][  0]LogConfig: Setting CVar [[r.MaterialQualityLevel:1 ; High quality]]
[2024.03.25-21.57.02:667][  0]LogConfig: Setting CVar [[r.AnisotropicMaterials:1]]
[2024.03.25-21.57.02:668][  0]LogConfig: Setting CVar [[r.SSS.Scale:1]]
[2024.03.25-21.57.02:668][  0]LogConfig: Setting CVar [[r.SSS.SampleSet:2]]
[2024.03.25-21.57.02:668][  0]LogConfig: Setting CVar [[r.SSS.Quality:1]]
[2024.03.25-21.57.02:668][  0]LogConfig: Setting CVar [[r.SSS.HalfRes:0]]
[2024.03.25-21.57.02:669][  0]LogConfig: Setting CVar [[r.SSGI.Quality:3]]
[2024.03.25-21.57.02:669][  0]LogConfig: Setting CVar [[r.EmitterSpawnRateScale:1.0]]
[2024.03.25-21.57.02:669][  0]LogConfig: Setting CVar [[r.ParticleLightQuality:2]]
[2024.03.25-21.57.02:669][  0]LogConfig: Setting CVar [[r.SkyAtmosphere.AerialPerspectiveLUT.FastApplyOnOpaque:1 ; Always have FastSkyLUT 1 in this case to avoid wrong sky]]
[2024.03.25-21.57.02:669][  0]LogConfig: Setting CVar [[r.SkyAtmosphere.AerialPerspectiveLUT.SampleCountMaxPerSlice:4]]
[2024.03.25-21.57.02:670][  0]LogConfig: Setting CVar [[r.SkyAtmosphere.AerialPerspectiveLUT.DepthResolution:16.0]]
[2024.03.25-21.57.02:670][  0]LogConfig: Setting CVar [[r.SkyAtmosphere.FastSkyLUT:1]]
[2024.03.25-21.57.02:670][  0]LogConfig: Setting CVar [[r.SkyAtmosphere.FastSkyLUT.SampleCountMin:4.0]]
[2024.03.25-21.57.02:670][  0]LogConfig: Setting CVar [[r.SkyAtmosphere.FastSkyLUT.SampleCountMax:128.0]]
[2024.03.25-21.57.02:670][  0]LogConfig: Setting CVar [[r.SkyAtmosphere.SampleCountMin:4.0]]
[2024.03.25-21.57.02:671][  0]LogConfig: Setting CVar [[r.SkyAtmosphere.SampleCountMax:128.0]]
[2024.03.25-21.57.02:671][  0]LogConfig: Setting CVar [[r.SkyAtmosphere.TransmittanceLUT.UseSmallFormat:0]]
[2024.03.25-21.57.02:671][  0]LogConfig: Setting CVar [[r.SkyAtmosphere.TransmittanceLUT.SampleCount:10.0]]
[2024.03.25-21.57.02:671][  0]LogConfig: Setting CVar [[r.SkyAtmosphere.MultiScatteringLUT.SampleCount:15.0]]
[2024.03.25-21.57.02:671][  0]LogConfig: Setting CVar [[r.SkyLight.RealTimeReflectionCapture:1]]
[2024.03.25-21.57.02:672][  0]LogConfig: Applying CVar settings from Section [FoliageQuality@3] File [C:/Users/sephe/OneDrive/Desktop/Unreal/UnrealProjects/A__SmothersSephen/Saved/Config/Windows/Scalability.ini]
[2024.03.25-21.57.02:672][  0]LogConfig: Setting CVar [[foliage.DensityScale:1.0]]
[2024.03.25-21.57.02:672][  0]LogConfig: Setting CVar [[grass.DensityScale:1.0]]
[2024.03.25-21.57.02:672][  0]LogConfig: Applying CVar settings from Section [ShadingQuality@3] File [C:/Users/sephe/OneDrive/Desktop/Unreal/UnrealProjects/A__SmothersSephen/Saved/Config/Windows/Scalability.ini]
[2024.03.25-21.57.02:672][  0]LogConfig: Setting CVar [[r.HairStrands.SkyLighting.IntegrationType:2]]
[2024.03.25-21.57.02:673][  0]LogConfig: Setting CVar [[r.HairStrands.SkyAO.SampleCount:4]]
[2024.03.25-21.57.02:673][  0]LogConfig: Setting CVar [[r.HairStrands.Visibility.MSAA.SamplePerPixel:4]]
[2024.03.25-21.57.02:673][  0]LogConfig: Applying CVar settings from Section [Startup] File [../../../Engine/Config/ConsoleVariables.ini]
[2024.03.25-21.57.02:674][  0]LogConfig: Setting CVar [[net.UseAdaptiveNetUpdateFrequency:0]]
[2024.03.25-21.57.02:674][  0]LogConfig: Setting CVar [[p.chaos.AllowCreatePhysxBodies:1]]
[2024.03.25-21.57.02:674][  0]LogConfig: Setting CVar [[fx.SkipVectorVMBackendOptimizations:1]]
[2024.03.25-21.57.02:675][  0]LogConfig: Applying CVar settings from Section [ConsoleVariables] File [C:/Users/sephe/OneDrive/Desktop/Unreal/UnrealProjects/A__SmothersSephen/Saved/Config/Windows/Engine.ini]
[2024.03.25-21.57.02:675][  0]LogConfig: Applying CVar settings from Section [ConsoleVariables] File [C:/Users/sephe/OneDrive/Desktop/Unreal/UnrealProjects/A__SmothersSephen/Saved/Config/Windows/Editor.ini]
[2024.03.25-21.57.02:676][  0]LogInit: Computer: MSI
[2024.03.25-21.57.02:676][  0]LogInit: User: sephe
[2024.03.25-21.57.02:676][  0]LogInit: CPU Page size=4096, Cores=14
[2024.03.25-21.57.02:676][  0]LogInit: High frequency timer resolution =10.000000 MHz
[2024.03.25-21.57.02:676][  0]LogMemory: Memory total: Physical=15.7GB (16GB approx)
[2024.03.25-21.57.02:677][  0]LogMemory: Platform Memory Stats for Windows
[2024.03.25-21.57.02:677][  0]LogMemory: Process Physical Memory: 147.08 MB used, 147.08 MB peak
[2024.03.25-21.57.02:678][  0]LogMemory: Process Virtual Memory: 132.32 MB used, 132.32 MB peak
[2024.03.25-21.57.02:678][  0]LogMemory: Physical Memory: 14306.00 MB used,  1779.18 MB free, 16085.18 MB total
[2024.03.25-21.57.02:678][  0]LogMemory: Virtual Memory: 134213192.00 MB used,  4535.40 MB free, 134217728.00 MB total
[2024.03.25-21.57.02:811][  0]LogWindows: WindowsPlatformFeatures enabled
[2024.03.25-21.57.03:169][  0]LogInit: Physics initialised using underlying interface: PhysX
[2024.03.25-21.57.03:171][  0]LogInit: Using OS detected language (en-US).
[2024.03.25-21.57.03:171][  0]LogInit: Using OS detected locale (en-US).
[2024.03.25-21.57.03:181][  0]LogTextLocalizationManager: No specific localization for 'en-US' exists, so the 'en' localization will be used.
[2024.03.25-21.57.03:549][  0]LogInit: Setting process to per monitor DPI aware
[2024.03.25-21.57.03:592][  0]LogWindowsTextInputMethodSystem: Display: IME system deactivated.
[2024.03.25-21.57.03:636][  0]LogSlate: New Slate User Created.  User Index 0, Is Virtual User: 0
[2024.03.25-21.57.03:636][  0]LogSlate: Slate User Registered.  User Index 0, Is Virtual User: 0
[2024.03.25-21.57.04:111][  0]LogD3D11RHI: Loaded GFSDK_Aftermath_Lib.x64.dll
[2024.03.25-21.57.04:251][  0]LogHMD: Failed to enumerate extensions. Please check that you have a valid OpenXR runtime installed.
[2024.03.25-21.57.04:252][  0]LogD3D11RHI: D3D11 min allowed feature level: 11_0
[2024.03.25-21.57.04:252][  0]LogD3D11RHI: D3D11 max allowed feature level: 11_0
[2024.03.25-21.57.04:252][  0]LogD3D11RHI: D3D11 adapters:
[2024.03.25-21.57.04:575][  0]LogD3D11RHI:    0. 'NVIDIA GeForce RTX 3080 Laptop GPU' (Feature Level 11_0)
[2024.03.25-21.57.04:575][  0]LogD3D11RHI:       8031/0/8042 MB DedicatedVideo/DedicatedSystem/SharedSystem, Outputs:1, VendorId:0x10de
[2024.03.25-21.57.04:690][  0]LogD3D11RHI:    1. 'Intel(R) Iris(R) Xe Graphics' (Feature Level 11_0)
[2024.03.25-21.57.04:690][  0]LogD3D11RHI:       128/0/8042 MB DedicatedVideo/DedicatedSystem/SharedSystem, Outputs:0, VendorId:0x8086
[2024.03.25-21.57.04:705][  0]LogD3D11RHI:    2. 'Microsoft Basic Render Driver' (Feature Level 11_0)
[2024.03.25-21.57.04:705][  0]LogD3D11RHI:       0/0/8042 MB DedicatedVideo/DedicatedSystem/SharedSystem, Outputs:0, VendorId:0x1414
[2024.03.25-21.57.04:705][  0]LogD3D11RHI: Chosen D3D11 Adapter:
[2024.03.25-21.57.04:705][  0]LogD3D11RHI:     Description : NVIDIA GeForce RTX 3080 Laptop GPU
[2024.03.25-21.57.04:705][  0]LogD3D11RHI:     VendorId    : 10de
[2024.03.25-21.57.04:706][  0]LogD3D11RHI:     DeviceId    : 249c
[2024.03.25-21.57.04:706][  0]LogD3D11RHI:     SubSysId    : 13241462
[2024.03.25-21.57.04:706][  0]LogD3D11RHI:     Revision    : 00a1
[2024.03.25-21.57.04:706][  0]LogD3D11RHI:     DedicatedVideoMemory : 8421113856 bytes
[2024.03.25-21.57.04:706][  0]LogD3D11RHI:     DedicatedSystemMemory : 0 bytes
[2024.03.25-21.57.04:706][  0]LogD3D11RHI:     SharedSystemMemory : 8433268736 bytes
[2024.03.25-21.57.04:706][  0]LogD3D11RHI:     AdapterLuid : 0 81184
[2024.03.25-21.57.04:720][  0]LogD3D11RHI: Creating new Direct3DDevice
[2024.03.25-21.57.04:720][  0]LogD3D11RHI:     GPU DeviceId: 0x249c (for the marketing name, search the web for "GPU Device Id")
[2024.03.25-21.57.04:720][  0]LogWindows: EnumDisplayDevices:
[2024.03.25-21.57.04:721][  0]LogWindows:    0. 'Intel(R) Iris(R) Xe Graphics' (P:1 D:1)
[2024.03.25-21.57.04:721][  0]LogWindows:    1. 'Intel(R) Iris(R) Xe Graphics' (P:0 D:0)
[2024.03.25-21.57.04:722][  0]LogWindows:    2. 'Intel(R) Iris(R) Xe Graphics' (P:0 D:0)
[2024.03.25-21.57.04:723][  0]LogWindows:    3. 'Intel(R) Iris(R) Xe Graphics' (P:0 D:0)
[2024.03.25-21.57.04:723][  0]LogWindows:    4. 'NVIDIA GeForce RTX 3080 Laptop GPU' (P:0 D:0)
[2024.03.25-21.57.04:724][  0]LogWindows:    5. 'NVIDIA GeForce RTX 3080 Laptop GPU' (P:0 D:0)
[2024.03.25-21.57.04:724][  0]LogWindows:    6. 'NVIDIA GeForce RTX 3080 Laptop GPU' (P:0 D:0)
[2024.03.25-21.57.04:725][  0]LogWindows:    7. 'NVIDIA GeForce RTX 3080 Laptop GPU' (P:0 D:0)
[2024.03.25-21.57.04:725][  0]LogWindows: DebugString: PrimaryIsNotTheChoosenAdapter PrimaryIsNotTheChoosenAdapter PrimaryIsNotTheChoosenAdapter PrimaryIsNotTheChoosenAdapter FoundDriverCount:4 
[2024.03.25-21.57.04:725][  0]LogD3D11RHI:     Adapter Name: NVIDIA GeForce RTX 3080 Laptop GPU
[2024.03.25-21.57.04:726][  0]LogD3D11RHI:   Driver Version: 528.92 (internal:31.0.15.2892, unified:528.92)
[2024.03.25-21.57.04:726][  0]LogD3D11RHI:      Driver Date: 4-6-2023
[2024.03.25-21.57.04:726][  0]LogRHI: Texture pool is 5621 MB (70% of 8031 MB)
[2024.03.25-21.57.04:726][  0]LogD3D11RHI: Creating D3DDevice using adapter:
[2024.03.25-21.57.04:726][  0]LogD3D11RHI:     Description : NVIDIA GeForce RTX 3080 Laptop GPU
[2024.03.25-21.57.04:726][  0]LogD3D11RHI:     VendorId    : 10de
[2024.03.25-21.57.04:727][  0]LogD3D11RHI:     DeviceId    : 249c
[2024.03.25-21.57.04:727][  0]LogD3D11RHI:     SubSysId    : 13241462
[2024.03.25-21.57.04:727][  0]LogD3D11RHI:     Revision    : 00a1
[2024.03.25-21.57.04:727][  0]LogD3D11RHI:     DedicatedVideoMemory : 8421113856 bytes
[2024.03.25-21.57.04:727][  0]LogD3D11RHI:     DedicatedSystemMemory : 0 bytes
[2024.03.25-21.57.04:727][  0]LogD3D11RHI:     SharedSystemMemory : 8433268736 bytes
[2024.03.25-21.57.04:727][  0]LogD3D11RHI:     AdapterLuid : 0 81184
[2024.03.25-21.57.04:856][  0]LogD3D11RHI: RHI has support for 64 bit atomics
[2024.03.25-21.57.04:856][  0]LogD3D11RHI: Async texture creation enabled
[2024.03.25-21.57.04:856][  0]LogD3D11RHI: Array index from any shader is supported
[2024.03.25-21.57.04:906][  0]LogD3D11RHI: GPU Timing Frequency: 1000.000000 (Debug: 2 1)
[2024.03.25-21.57.05:039][  0]LogRHI: GeForceNow SDK initialized: 1
[2024.03.25-21.57.05:572][  0]LogTargetPlatformManager: Display: Loaded TargetPlatform 'AllDesktop'
[2024.03.25-21.57.05:606][  0]LogTargetPlatformManager: Display: Loaded TargetPlatform 'Android'
[2024.03.25-21.57.05:606][  0]LogTargetPlatformManager: Display: Loaded TargetPlatform 'Android_ASTC'
[2024.03.25-21.57.05:607][  0]LogTargetPlatformManager: Display: Loaded TargetPlatform 'Android_DXT'
[2024.03.25-21.57.05:607][  0]LogTargetPlatformManager: Display: Loaded TargetPlatform 'Android_ETC2'
[2024.03.25-21.57.05:607][  0]LogTargetPlatformManager: Display: Loaded TargetPlatform 'AndroidClient'
[2024.03.25-21.57.05:607][  0]LogTargetPlatformManager: Display: Loaded TargetPlatform 'Android_ASTCClient'
[2024.03.25-21.57.05:607][  0]LogTargetPlatformManager: Display: Loaded TargetPlatform 'Android_DXTClient'
[2024.03.25-21.57.05:607][  0]LogTargetPlatformManager: Display: Loaded TargetPlatform 'Android_ETC2Client'
[2024.03.25-21.57.05:607][  0]LogTargetPlatformManager: Display: Loaded TargetPlatform 'Android_Multi'
[2024.03.25-21.57.05:608][  0]LogTargetPlatformManager: Display: Loaded TargetPlatform 'Android_MultiClient'
[2024.03.25-21.57.05:652][  0]LogTargetPlatformManager: Display: Loaded TargetPlatform 'IOSClient'
[2024.03.25-21.57.05:652][  0]LogTargetPlatformManager: Display: Loaded TargetPlatform 'IOS'
[2024.03.25-21.57.05:675][  0]LogTargetPlatformManager: Display: Loaded TargetPlatform 'Linux'
[2024.03.25-21.57.05:687][  0]LogTargetPlatformManager: Display: Loaded TargetPlatform 'LinuxNoEditor'
[2024.03.25-21.57.05:700][  0]LogTargetPlatformManager: Display: Loaded TargetPlatform 'LinuxClient'
[2024.03.25-21.57.05:709][  0]LogTargetPlatformManager: Display: Loaded TargetPlatform 'LinuxServer'
[2024.03.25-21.57.05:728][  0]LogTargetPlatformManager: Display: Loaded TargetPlatform 'LinuxAArch64NoEditor'
[2024.03.25-21.57.05:740][  0]LogTargetPlatformManager: Display: Loaded TargetPlatform 'LinuxAArch64Client'
[2024.03.25-21.57.05:751][  0]LogTargetPlatformManager: Display: Loaded TargetPlatform 'LinuxAArch64Server'
[2024.03.25-21.57.05:783][  0]LogTargetPlatformManager: Display: Loaded TargetPlatform 'Lumin'
[2024.03.25-21.57.05:783][  0]LogTargetPlatformManager: Display: Loaded TargetPlatform 'LuminClient'
[2024.03.25-21.57.05:802][  0]LogTargetPlatformManager: Display: Loaded TargetPlatform 'MacNoEditor'
[2024.03.25-21.57.05:815][  0]LogTargetPlatformManager: Display: Loaded TargetPlatform 'Mac'
[2024.03.25-21.57.05:828][  0]LogTargetPlatformManager: Display: Loaded TargetPlatform 'MacClient'
[2024.03.25-21.57.05:844][  0]LogTargetPlatformManager: Display: Loaded TargetPlatform 'MacServer'
[2024.03.25-21.57.05:862][  0]LogTargetPlatformManager: Display: Loaded TargetPlatform 'TVOSClient'
[2024.03.25-21.57.05:862][  0]LogTargetPlatformManager: Display: Loaded TargetPlatform 'TVOS'
[2024.03.25-21.57.05:894][  0]LogTargetPlatformManager: Display: Loaded TargetPlatform 'WindowsNoEditor'
[2024.03.25-21.57.05:919][  0]LogTargetPlatformManager: Display: Loaded TargetPlatform 'Windows'
[2024.03.25-21.57.05:942][  0]LogTargetPlatformManager: Display: Loaded TargetPlatform 'WindowsClient'
[2024.03.25-21.57.05:967][  0]LogTargetPlatformManager: Display: Loaded TargetPlatform 'WindowsServer'
[2024.03.25-21.57.05:967][  0]LogTargetPlatformManager: Display: Building Assets For Windows
[2024.03.25-21.57.06:011][  0]LogAudioDebug: Display: Lib vorbis DLL was dynamically loaded.
[2024.03.25-21.57.06:218][  0]LogTextureFormatOodle: Display: Oodle Texture 2.9.0 init RDO Off
[2024.03.25-21.57.06:520][  0]LogRendererCore: Ray tracing is disabled. Reason: r.RayTracing=0.
[2024.03.25-21.57.06:521][  0]LogShaderCompilers: Guid format shader working directory is -41 characters bigger than the processId version (../../../../../../Users/sephe/OneDrive/Desktop/Unreal/UnrealProjects/A__SmothersSephen/Intermediate/Shaders/WorkingDirectory/21208/).
[2024.03.25-21.57.06:522][  0]LogShaderCompilers: Cleaned the shader compiler working directory 'C:/Users/sephe/AppData/Local/Temp/UnrealShaderWorkingDir/E7A17FF8439C6FE76278FF9C85B51E47/'.
[2024.03.25-21.57.06:522][  0]LogXGEController: Cannot use XGE Controller as Incredibuild is not installed on this machine.
[2024.03.25-21.57.06:522][  0]LogShaderCompilers: Cannot use XGE Shader Compiler as Incredibuild is not installed on this machine.
[2024.03.25-21.57.06:523][  0]LogShaderCompilers: Display: Using Local Shader Compiler.
[2024.03.25-21.57.07:902][  0]LogDerivedDataCache: Display: Max Cache Size: 512 MB
[2024.03.25-21.57.08:098][  0]LogDerivedDataCache: Loaded boot cache 0.20s 94MB C:/Users/sephe/AppData/Local/UnrealEngine/4.27/DerivedDataCache/Boot.ddc.
[2024.03.25-21.57.08:099][  0]LogDerivedDataCache: Display: Loaded Boot cache: C:/Users/sephe/AppData/Local/UnrealEngine/4.27/DerivedDataCache/Boot.ddc
[2024.03.25-21.57.08:099][  0]LogDerivedDataCache: FDerivedDataBackendGraph:  Pak pak cache file ../../../../../../Users/sephe/OneDrive/Desktop/Unreal/UnrealProjects/A__SmothersSephen/DerivedDataCache/DDC.ddp not found, will not use a pak cache.
[2024.03.25-21.57.08:099][  0]LogDerivedDataCache: Unable to find inner node Pak for hierarchical cache Hierarchy.
[2024.03.25-21.57.08:099][  0]LogDerivedDataCache: FDerivedDataBackendGraph:  CompressedPak pak cache file ../../../../../../Users/sephe/OneDrive/Desktop/Unreal/UnrealProjects/A__SmothersSephen/DerivedDataCache/Compressed.ddp not found, will not use a pak cache.
[2024.03.25-21.57.08:099][  0]LogDerivedDataCache: Unable to find inner node CompressedPak for hierarchical cache Hierarchy.
[2024.03.25-21.57.08:120][  0]LogDerivedDataCache: Display: Pak cache opened for reading ../../../Engine/DerivedDataCache/Compressed.ddp.
[2024.03.25-21.57.08:120][  0]LogDerivedDataCache: FDerivedDataBackendGraph:  EnterprisePak pak cache file ../../../Enterprise/DerivedDataCache/Compressed.ddp not found, will not use a pak cache.
[2024.03.25-21.57.08:120][  0]LogDerivedDataCache: Unable to find inner node EnterprisePak for hierarchical cache Hierarchy.
[2024.03.25-21.57.08:140][  0]LogDerivedDataCache: Speed tests for C:/Users/sephe/AppData/Local/UnrealEngine/Common/DerivedDataCache took 0.02 seconds
[2024.03.25-21.57.08:140][  0]LogDerivedDataCache: Display: Performance to C:/Users/sephe/AppData/Local/UnrealEngine/Common/DerivedDataCache: Latency=0.13ms. RandomReadSpeed=144.80MBs, RandomWriteSpeed=80.28MBs. Assigned SpeedClass 'Local'
[2024.03.25-21.57.08:143][  0]LogDerivedDataCache: Using Local data cache path C:/Users/sephe/AppData/Local/UnrealEngine/Common/DerivedDataCache: Writable
[2024.03.25-21.57.08:143][  0]LogDerivedDataCache: Shared data cache path not found in *engine.ini, will not use an Shared cache.
[2024.03.25-21.57.08:143][  0]LogDerivedDataCache: Unable to find inner node Shared for hierarchical cache Hierarchy.
[2024.03.25-21.57.08:204][  0]LogSlate: Using FreeType 2.10.0
[2024.03.25-21.57.08:207][  0]LogSlate: SlateFontServices - WITH_FREETYPE: 1, WITH_HARFBUZZ: 1
[2024.03.25-21.57.08:208][  0]LogHMD: Failed to enumerate extensions. Please check that you have a valid OpenXR runtime installed.
[2024.03.25-21.57.08:269][  0]LogAssetRegistry: FAssetRegistry took 0.0100 seconds to start up
[2024.03.25-21.57.08:681][  0]LogInit: Selected Device Profile: [Windows]
[2024.03.25-21.57.08:681][  0]LogInit: Active device profile: [000002701CB94F00][000002701C61E640 49] Windows
[2024.03.25-21.57.08:681][  0]LogInit: Profiles: [000002701CB94F00][000002701C61E640 49] Windows, [000002701CB86400][000002701C626900 49] WindowsNoEditor, [000002701CB95F00][000002701C622B80 49] WindowsServer, [000002701CB85600][000002701C62EE40 49] WindowsClient, [000002701CB95000][000002701C633100 49] IOS, [000002701CB87A00][000002701C6373C0 49] iPadAir, [000002701CB97300][000002701C63B680 49] iPadAir2, [000002701CB39300][000002701D661BC0 49] IPadPro, [000002701CB39400][000002701C63FC00 49] iPadAir3, [000002701CB84B00][000002701C646340 49] iPadAir4, [000002701CB3A100][000002701C642600 49] iPadMini2, [000002701CB87400][000002701C64A8C0 49] iPadMini3, [000002701CB3AC00][000002701C62AB40 49] iPadMini4, [000002701CB86700][000002701D664DC0 49] iPadMini5, [000002701CB48D00][000002701D67D300 49] iPhone6, [000002701CB48E00][000002701D66D340 49] iPodTouch6, [000002701CB96900][000002701D685880 49] iPhone7, [000002701CB96A00][000002701D6758C0 49] iPodTouch7, [000002701CB39800][000002701D679B80 49] iPhone5S, [000002701CB95300][000002701D6702C0 49] iPhone6Plus, [000002701CB97900][000002701D680580 49] iPhone6S, [000002701CB49200][000002701D688840 49] iPhone6SPlus, [000002701CB94B00][000002701D68CB00 49] iPhone7Plus, [000002701CB49500][000002701D668D80 49] iPhoneSE, [000002701CB94A00][000002701D691000 49] iPhone8, [000002701CB49100][000002701D6992C0 49] iPhone8Plus, [000002701CB3AB00][000002701D69D580 49] iPhoneX, [000002701CB48C00][000002701D6A1840 49] iPhoneXS, [000002701CB3BA00][000002701D6A5B00 49] iPhoneXSMax, [000002701CB4B700][000002701D6A8240 49] iPhoneXR, [000002701CB38D00][000002701D6AC500 49] iPhone11, [000002701CB4A500][000002701D6B07C0 49] iPhone11Pro, [000002701CB3A900][000002701D6B4A80 49] iPhone11ProMax, [000002701CB48200][000002701D6B8D40 49] iPhoneSE2, [000002701CB38B00][000002701D694FC0 49] iPhone12Mini, [000002701CB4A900][000002701D6BD240 49] iPhone12, [000002701CB3AE00][000002701D6C5500 49] iPhone12Pro, [000002701CB48A00][000002701D6C97C0 49] iPhone12ProMax, [000002701CB3B200][000002701D6CDA80 49] iPadPro105, [000002701CB4B500][000002701D6D01C0 49] iPadPro129, [000002701CB3A000][000002701D6D4480 49] iPadPro97, [000002701CB49F00][000002701D6D8740 49] iPadPro2_129, [000002701CB3A400][000002701D6DCA00 49] iPad5, [000002701CB49300][000002701D6E0CC0 49] iPad6, [000002701CB38C00][000002701D6E4F80 49] iPad7, [000002701CB49600][000002701D6C1200 49] iPad8, [000002701CB3BC00][000002701D6E9480 49] iPadPro11, [000002701CB49700][000002701D6F1740 49] iPadPro2_11, [000002701CB38600][000002701D6F5A00 49] iPadPro3_129, [000002701CB4BF00][000002701D6F8140 49] iPadPro4_129, [000002701CB3B100][000002701D6FC400 49] AppleTV, [000002701CB48800][000002701D7006C0 49] AppleTV4K, [000002701CB38500][000002701D704980 49] TVOS, [000002701CB48500][000002701D708C40 49] Mac, [000002701CB38700][000002701D70CF00 49] MacClient, [000002701CB49400][000002701D7111C0 49] MacNoEditor, [000002701CB39500][000002701D6ED440 49] MacServer, [000002701CB4AD00][000002701D7156C0 49] Linux, [000002701CB38400][000002701D71D980 49] LinuxAArch64, [000002701CB49D00][000002701D7200C0 49] LinuxNoEditor, [000002701CB39C00][000002701D724380 49] LinuxAArch64NoEditor, [000002701CB4A800][000002701D728640 49] LinuxClient, [000002701CB3AD00][000002701D72C900 49] LinuxAArch64Client, [000002701CB48100][000002701D730BC0 49] LinuxServer, [000002701CB39E00][000002701D734E80 49] LinuxAArch64Server, [000002701CB48B00][000002701D739140 49] Android, [000002701CB39A00][000002701D73D400 49] Android_Low, [000002701CB4AE00][000002701D719680 49] Android_Mid, [000002701CB39000][000002701D741900 49] Android_High, [000002701CB4AF00][000002701D749BC0 49] Android_Default, [000002701CB39700][000002701D74C300 49] Android_Adreno4xx, [000002701CB49800][000002701D7505C0 49] Android_Adreno5xx_Low, [000002701CB38A00][000002701D754880 49] Android_Adreno5xx, [000002701CB4B300][000002701D758B40 49] Android_Adreno6xx, [000002701CB38E00][000002701D75CE00 49] Android_Adreno6xx_Vulkan, [000002701CB4B000][000002701D7610C0 49] Android_Mali_T6xx, [000002701CB94100][000002701D765380 49] Android_Mali_T7xx, [000002701CB84800][000002701D769640 49] Android_Mali_T8xx, [000002701CB95200][000002701D7458C0 49] Android_Mali_G71, [000002701CB84E00][000002701D76DB40 49] Android_Mali_G72, [000002701CB95100][000002701D774280 49] Android_Mali_G72_Vulkan, [000002701CB86500][000002701D778540 49] Android_Mali_G76, [000002701CB95500][000002701D77C800 49] Android_Mali_G76_Vulkan, [000002701CB86000][000002701D780AC0 49] Android_Mali_G77, [000002701CB97F00][000002701D784D80 49] Android_Mali_G77_Vulkan, [000002701CB85D00][000002701D789040 49] Android_Mali_G78, [000002701CB94300][000002701D78D300 49] Android_Mali_G78_Vulkan, [000002701CB84400][000002701D7915C0 49] Android_Mali_G710, [000002701CB96800][000002701D795880 49] Android_Mali_G710_Vulkan, [000002701CB87100][000002701D771B00 49] Android_Vulkan_SM5, [000002701CB97100][000002701D798200 49] Android_PowerVR_G6xxx, [000002701CB84A00][000002701D7A04C0 49] Android_PowerVR_GT7xxx, [000002701CB94D00][000002701D7A4780 49] Android_PowerVR_GE8xxx, [000002701CB87D00][000002701D7A8A40 49] Android_PowerVR_GM9xxx, [000002701CB97A00][000002701D7ACD00 49] Android_PowerVR_GM9xxx_Vulkan, [000002701CB85200][000002701D7B0FC0 49] Android_TegraK1, [000002701CB97000][000002701D7B5280 49] Android_Unknown_Vulkan, [000002701CB87000][000002701D7B9540 49] Lumin, [000002701CB96100][000002701D7BD800 49] Lumin_Desktop, [000002701CB86E00][000002701D7C1AC0 49] HoloLens, 
[2024.03.25-21.57.09:269][  0]LogMeshReduction: Using QuadricMeshReduction for automatic static mesh reduction
[2024.03.25-21.57.09:269][  0]LogMeshReduction: Using SimplygonMeshReduction for automatic skeletal mesh reduction
[2024.03.25-21.57.09:269][  0]LogMeshReduction: Using ProxyLODMeshReduction for automatic mesh merging
[2024.03.25-21.57.09:270][  0]LogMeshReduction: No distributed automatic mesh merging module available
[2024.03.25-21.57.09:271][  0]LogMeshMerging: No distributed automatic mesh merging module available
[2024.03.25-21.57.09:316][  0]LogNetVersion: A__SmothersSephen 1.0.0, NetCL: 17155196, EngineNetVer: 17, GameNetVer: 0 (Checksum: 929169247)
[2024.03.25-21.57.10:055][  0]LogTexture: Default maximum texture size for cubemaps generated from long-lat sources has been changed from 512 to unlimited. In order to preserve old behaiour for '/Engine/MapTemplates/Sky/DaylightAmbientCubemap.DaylightAmbientCubemap', its maximum texture size has been explicitly set to 512.
[2024.03.25-21.57.10:153][  0]LogHMD: PokeAHoleMaterial loaded successfully
[2024.03.25-21.57.10:159][  0]LogUObjectArray: 17075 objects as part of root set at end of initial load.
[2024.03.25-21.57.10:159][  0]LogUObjectAllocator: 4275792 out of 0 bytes used by permanent object pool.
[2024.03.25-21.57.10:159][  0]LogUObjectArray: CloseDisregardForGC: 0/0 objects in disregard for GC pool
[2024.03.25-21.57.10:749][  0]LogPython: Using Python 3.7.7
[2024.03.25-21.57.11:824][  0]LogNiagaraDebuggerClient: Niagara Debugger Client Initialized | Session: ECA6A8214348B28A87ABD2ADEA06398F | Instance: 82F03DFA423D48A35E35219078F2360C (MSI-21208).
[2024.03.25-21.57.12:007][  0]LogUdpMessaging: Initializing bridge on interface 0.0.0.0:0 to multicast group 230.0.0.1:6666.
[2024.03.25-21.57.12:030][  0]LogTcpMessaging: Initializing TcpMessaging bridge
[2024.03.25-21.57.13:218][  0]SourceControl: Source control is disabled
[2024.03.25-21.57.13:218][  0]SourceControl: Source control is disabled
[2024.03.25-21.57.13:231][  0]SourceControl: Source control is disabled
[2024.03.25-21.57.13:266][  0]SourceControl: Source control is disabled
[2024.03.25-21.57.13:294][  0]SourceControl: Source control is disabled
[2024.03.25-21.57.13:314][  0]LogUProjectInfo: Found projects:
[2024.03.25-21.57.13:798][  0]LogOpenImageDenoise: OIDN starting up
[2024.03.25-21.57.14:090][  0]LogAndroidPermission: UAndroidPermissionCallbackProxy::GetInstance
[2024.03.25-21.57.14:139][  0]LogAudioCaptureCore: Display: No Audio Capture implementations found. Audio input will be silent.
[2024.03.25-21.57.14:139][  0]LogAudioCaptureCore: Display: No Audio Capture implementations found. Audio input will be silent.
[2024.03.25-21.57.14:448][  0]LogCollectionManager: Loaded 0 collections in 0.002999 seconds
[2024.03.25-21.57.14:502][  0]LogFileCache: Scanning file cache for directory 'C:/Users/sephe/OneDrive/Desktop/Unreal/UnrealProjects/A__SmothersSephen/Saved/Collections/' took 0.00s
[2024.03.25-21.57.14:503][  0]LogFileCache: Scanning file cache for directory 'C:/Users/sephe/OneDrive/Desktop/Unreal/UnrealProjects/A__SmothersSephen/Content/Developers/sephe/Collections/' took 0.00s
[2024.03.25-21.57.14:503][  0]LogFileCache: Scanning file cache for directory 'C:/Users/sephe/OneDrive/Desktop/Unreal/UnrealProjects/A__SmothersSephen/Content/Collections/' took 0.00s
[2024.03.25-21.57.14:503][  0]LogOcInput: OculusInput pre-init called
[2024.03.25-21.57.14:947][  0]LogEngine: Initializing Engine...
[2024.03.25-21.57.14:950][  0]LogHMD: Failed to enumerate extensions. Please check that you have a valid OpenXR runtime installed.
[2024.03.25-21.57.14:951][  0]LogMagicLeap: Warning: VR disabled because ZI is not enabled.  To enable, in the editor, Edit -> Project Settings -> Plugins -> Magic Leap Plugin -> Enable Zero Iteration
[2024.03.25-21.57.14:953][  0]LogStats: UGameplayTagsManager::InitializeManager -  0.000 s
[2024.03.25-21.57.15:151][  0]LogInit: Initializing FReadOnlyCVARCache
[2024.03.25-21.57.15:186][  0]LogAIModule: Creating AISystem for world Untitled
[2024.03.25-21.57.15:188][  0]LogAudio: Display: Initializing Audio Device Manager...
[2024.03.25-21.57.15:205][  0]LogAudio: Display: Loading Default Audio Settings Objects...
[2024.03.25-21.57.15:206][  0]LogAudio: Display: No default SoundConcurrencyObject specified (or failed to load).
[2024.03.25-21.57.15:208][  0]LogAudio: Display: Audio Device Manager Initialized
[2024.03.25-21.57.15:208][  0]LogAudio: Display: Creating Audio Device:                 Id: 1, Scope: Shared, Realtime: True
[2024.03.25-21.57.15:208][  0]LogAudioMixer: Display: Audio Mixer Platform Settings:
[2024.03.25-21.57.15:208][  0]LogAudioMixer: Display: 	Sample Rate:						  48000
[2024.03.25-21.57.15:208][  0]LogAudioMixer: Display: 	Callback Buffer Frame Size Requested: 1024
[2024.03.25-21.57.15:208][  0]LogAudioMixer: Display: 	Callback Buffer Frame Size To Use:	  1024
[2024.03.25-21.57.15:209][  0]LogAudioMixer: Display: 	Number of buffers to queue:			  2
[2024.03.25-21.57.15:209][  0]LogAudioMixer: Display: 	Max Channels (voices):				  32
[2024.03.25-21.57.15:209][  0]LogAudioMixer: Display: 	Number of Async Source Workers:		  0
[2024.03.25-21.57.15:209][  0]LogAudio: Display: AudioDevice MaxSources: 32
[2024.03.25-21.57.15:209][  0]LogAudio: Display: Audio Spatialization Plugin: None (built-in).
[2024.03.25-21.57.15:209][  0]LogAudio: Display: Audio Reverb Plugin: None (built-in).
[2024.03.25-21.57.15:210][  0]LogAudio: Display: Audio Occlusion Plugin: None (built-in).
[2024.03.25-21.57.15:210][  0]LogAudioMixer: Display: Initializing audio mixer.
[2024.03.25-21.57.15:309][  0]LogAudioMixer: Display: 0: FrontLeft
[2024.03.25-21.57.15:309][  0]LogAudioMixer: Display: 1: FrontRight
[2024.03.25-21.57.15:474][  0]LogAudioMixer: Display: Using Audio Device Speakers (Realtek(R) Audio)
[2024.03.25-21.57.15:475][  0]LogAudioMixer: Display: Initializing Sound Submixes...
[2024.03.25-21.57.15:479][  0]LogAudioMixer: Display: Creating Master Submix 'MasterSubmixDefault'
[2024.03.25-21.57.15:480][  0]LogAudioMixer: Display: Creating Master Submix 'MasterReverbSubmixDefault'
[2024.03.25-21.57.15:481][  0]LogAudioMixer: Display: Creating Master Submix 'MasterEQSubmixDefault'
[2024.03.25-21.57.15:481][  0]LogAudioMixer: FMixerPlatformXAudio2::StartAudioStream() called
[2024.03.25-21.57.15:481][  0]LogAudioMixer: Display: Output buffers initialized: Frames=1024, Channels=2, Samples=2048
[2024.03.25-21.57.15:483][  0]LogAudioMixer: Display: Starting AudioMixerPlatformInterface::RunInternal()
[2024.03.25-21.57.15:484][  0]LogInit: FAudioDevice initialized.
[2024.03.25-21.57.15:484][  0]LogAudioMixer: Display: FMixerPlatformXAudio2::SubmitBuffer() called for the first time
[2024.03.25-21.57.15:484][  0]LogAudio: Display: Audio Device (ID: 1) registered with world 'Untitled'.
[2024.03.25-21.57.15:484][  0]LogNetVersion: Set ProjectVersion to 1.0.0.0. Version Checksum will be recalculated on next use.
[2024.03.25-21.57.15:564][  0]LogDerivedDataCache: Saved boot cache 0.08s 94MB C:/Users/sephe/AppData/Local/UnrealEngine/4.27/DerivedDataCache/Boot.ddc.
[2024.03.25-21.57.15:564][  0]LogInit: Texture streaming: Enabled
[2024.03.25-21.57.15:612][  0]LogAnalytics: Display: [UEEditor.Rocket.Release] APIServer = https://datarouter.ol.epicgames.com/. AppVersion = 4.27.2-18319896+++UE4+Release-4.27
[2024.03.25-21.57.15:626][  0]LogEngineSessionManager: EngineSessionManager initialized
[2024.03.25-21.57.15:626][  0]LogEditorSessionSummary: Verbose: Initializing EditorSessionSummaryWriter for editor session tracking
[2024.03.25-21.57.15:633][  0]LogEditorSessionSummary: EditorSessionSummaryWriter initialized
[2024.03.25-21.57.15:716][  0]LogInit: Transaction tracking system initialized
[2024.03.25-21.57.15:806][  0]BlueprintLog: New page: Editor Load
[2024.03.25-21.57.16:074][  0]LocalizationService: Localization service is disabled
[2024.03.25-21.57.16:187][  0]TimingProfiler: Initialize
[2024.03.25-21.57.16:188][  0]TimingProfiler: OnSessionChanged
[2024.03.25-21.57.16:188][  0]LoadingProfiler: Initialize
[2024.03.25-21.57.16:189][  0]LoadingProfiler: OnSessionChanged
[2024.03.25-21.57.16:189][  0]NetworkingProfiler: Initialize
[2024.03.25-21.57.16:189][  0]NetworkingProfiler: OnSessionChanged
[2024.03.25-21.57.16:190][  0]MemoryProfiler: Initialize
[2024.03.25-21.57.16:190][  0]MemoryProfiler: OnSessionChanged
[2024.03.25-21.57.16:615][  0]LogCook: Display: CookSettings for Memory: MemoryMaxUsedVirtual 0MiB, MemoryMaxUsedPhysical 16384MiB, MemoryMinFreeVirtual 0MiB, MemoryMinFreePhysical 1024MiB
[2024.03.25-21.57.16:616][  0]LogCook: Display: Mobile HDR setting 1
[2024.03.25-21.57.17:363][  0]LogFileCache: Scanning file cache for directory 'C:/Users/sephe/OneDrive/Desktop/Unreal/UnrealProjects/A__SmothersSephen/Content/' took 0.02s
[2024.03.25-21.57.17:394][  0]LogInit: Display: Engine is initialized. Leaving FEngineLoop::Init()
[2024.03.25-21.57.17:402][  0]SourceControl: Source control is disabled
[2024.03.25-21.57.17:402][  0]LogUnrealEdMisc: Loading editor; pre map load, took 19.533
[2024.03.25-21.57.17:403][  0]Cmd: MAP LOAD FILE="../../../../../../Users/sephe/OneDrive/Desktop/Unreal/UnrealProjects/A__SmothersSephen/Content/BluePrints/Maps/BlueprintTestingMap.umap" TEMPLATE=0 SHOWPROGRESS=1 FEATURELEVEL=3
[2024.03.25-21.57.17:404][  0]LightingResults: New page: Lighting Build
[2024.03.25-21.57.17:407][  0]LogWorld: UWorld::CleanupWorld for Untitled, bSessionEnded=true, bCleanupResources=true
[2024.03.25-21.57.17:407][  0]LogSlate: InvalidateAllWidgets triggered.  All widgets were invalidated
[2024.03.25-21.57.17:408][  0]MapCheck: New page: Map Check
[2024.03.25-21.57.17:408][  0]LightingResults: New page: Lighting Build
[2024.03.25-21.57.17:414][  0]LogAudio: Display: Audio Device unregistered from world 'None'.
[2024.03.25-21.57.17:418][  0]LogUObjectHash: Compacting FUObjectHashTables data took   0.86ms
[2024.03.25-21.57.17:966][  0]LogAudio: Display: Audio Device (ID: 1) registered with world 'BlueprintTestingMap'.
[2024.03.25-21.57.17:967][  0]LogAIModule: Creating AISystem for world BlueprintTestingMap
[2024.03.25-21.57.17:986][  0]LogEditorServer: Finished looking for orphan Actors (0.000 secs)
[2024.03.25-21.57.17:997][  0]LogUObjectHash: Compacting FUObjectHashTables data took   0.99ms
[2024.03.25-21.57.17:998][  0]Cmd: MAP CHECKDEP NOCLEARLOG
[2024.03.25-21.57.17:999][  0]MapCheck: Map check complete: 0 Error(s), 0 Warning(s), took 0.295ms to complete.
[2024.03.25-21.57.17:999][  0]LogFileHelpers: Loading map 'BlueprintTestingMap' took 0.596
[2024.03.25-21.57.18:005][  0]LogUnrealEdMisc: Total Editor Startup Time, took 20.136
[2024.03.25-21.57.18:168][  0]LogSlate: Updating window title bar state: overlay mode, drag disabled, window buttons hidden, title bar hidden
[2024.03.25-21.57.18:175][  0]LogSlate: Updating window title bar state: overlay mode, drag disabled, window buttons hidden, title bar hidden
[2024.03.25-21.57.18:179][  0]LogSlate: Updating window title bar state: overlay mode, drag disabled, window buttons hidden, title bar hidden
[2024.03.25-21.57.18:186][  0]LogSlate: Updating window title bar state: overlay mode, drag disabled, window buttons hidden, title bar hidden
[2024.03.25-21.57.18:209][  0]LogNativeClassHierarchy: Verbose: Native class hierarchy populated in 0.0107 seconds. Added 3824 classes and 927 folders.
[2024.03.25-21.57.18:218][  0]LogNativeClassHierarchy: Verbose: Native class hierarchy updated for 'WidgetCarousel' in 0.0003 seconds. Added 0 classes and 0 folders.
[2024.03.25-21.57.18:223][  0]LogPakFile: PakFile PrimaryIndexSize=187
[2024.03.25-21.57.18:223][  0]LogPakFile: PakFile PathHashIndexSize=101
[2024.03.25-21.57.18:223][  0]LogPakFile: PakFile FullDirectoryIndexSize=148
[2024.03.25-21.57.18:223][  0]LogShaderLibrary: Display: ShaderCodeLibraryPakFileMountedCallback: PakFile 'C:/Program Files/Epic Games/UE_4.27/FeaturePacks/FP_FirstPerson.upack' (chunk index -1, root 'root:/') mounted
[2024.03.25-21.57.18:223][  0]LogShaderLibrary: Display: ShaderCodeLibraryPakFileMountedCallback: pending pak file info (ChunkID:-1 Root:root:/ File:C:/Program Files/Epic Games/UE_4.27/FeaturePacks/FP_FirstPerson.upack)
[2024.03.25-21.57.18:224][  0]LogPakFile: OnPakFileMounted2Time == 0.000716
[2024.03.25-21.57.18:226][  0]LogPakFile: PakFile PrimaryIndexSize=189
[2024.03.25-21.57.18:226][  0]LogPakFile: PakFile PathHashIndexSize=101
[2024.03.25-21.57.18:226][  0]LogPakFile: PakFile FullDirectoryIndexSize=152
[2024.03.25-21.57.18:226][  0]LogShaderLibrary: Display: ShaderCodeLibraryPakFileMountedCallback: PakFile 'C:/Program Files/Epic Games/UE_4.27/FeaturePacks/FP_FirstPersonBP.upack' (chunk index -1, root 'root:/') mounted
[2024.03.25-21.57.18:226][  0]LogShaderLibrary: Display: ShaderCodeLibraryPakFileMountedCallback: pending pak file info (ChunkID:-1 Root:root:/ File:C:/Program Files/Epic Games/UE_4.27/FeaturePacks/FP_FirstPersonBP.upack)
[2024.03.25-21.57.18:226][  0]LogPakFile: OnPakFileMounted2Time == 0.000254
[2024.03.25-21.57.18:228][  0]LogPakFile: PakFile PrimaryIndexSize=191
[2024.03.25-21.57.18:228][  0]LogPakFile: PakFile PathHashIndexSize=101
[2024.03.25-21.57.18:228][  0]LogPakFile: PakFile FullDirectoryIndexSize=160
[2024.03.25-21.57.18:228][  0]LogShaderLibrary: Display: ShaderCodeLibraryPakFileMountedCallback: PakFile 'C:/Program Files/Epic Games/UE_4.27/FeaturePacks/MobileStarterContent.upack' (chunk index -1, root 'root:/') mounted
[2024.03.25-21.57.18:228][  0]LogShaderLibrary: Display: ShaderCodeLibraryPakFileMountedCallback: pending pak file info (ChunkID:-1 Root:root:/ File:C:/Program Files/Epic Games/UE_4.27/FeaturePacks/MobileStarterContent.upack)
[2024.03.25-21.57.18:228][  0]LogPakFile: OnPakFileMounted2Time == 0.000238
[2024.03.25-21.57.18:230][  0]LogPakFile: PakFile PrimaryIndexSize=185
[2024.03.25-21.57.18:230][  0]LogPakFile: PakFile PathHashIndexSize=101
[2024.03.25-21.57.18:230][  0]LogPakFile: PakFile FullDirectoryIndexSize=148
[2024.03.25-21.57.18:230][  0]LogShaderLibrary: Display: ShaderCodeLibraryPakFileMountedCallback: PakFile 'C:/Program Files/Epic Games/UE_4.27/FeaturePacks/StarterContent.upack' (chunk index -1, root 'root:/') mounted
[2024.03.25-21.57.18:230][  0]LogShaderLibrary: Display: ShaderCodeLibraryPakFileMountedCallback: pending pak file info (ChunkID:-1 Root:root:/ File:C:/Program Files/Epic Games/UE_4.27/FeaturePacks/StarterContent.upack)
[2024.03.25-21.57.18:231][  0]LogPakFile: OnPakFileMounted2Time == 0.000215
[2024.03.25-21.57.18:232][  0]LogPakFile: PakFile PrimaryIndexSize=190
[2024.03.25-21.57.18:232][  0]LogPakFile: PakFile PathHashIndexSize=101
[2024.03.25-21.57.18:232][  0]LogPakFile: PakFile FullDirectoryIndexSize=154
[2024.03.25-21.57.18:232][  0]LogShaderLibrary: Display: ShaderCodeLibraryPakFileMountedCallback: PakFile 'C:/Program Files/Epic Games/UE_4.27/FeaturePacks/TP_2DSideScroller.upack' (chunk index -1, root 'root:/') mounted
[2024.03.25-21.57.18:233][  0]LogShaderLibrary: Display: ShaderCodeLibraryPakFileMountedCallback: pending pak file info (ChunkID:-1 Root:root:/ File:C:/Program Files/Epic Games/UE_4.27/FeaturePacks/TP_2DSideScroller.upack)
[2024.03.25-21.57.18:233][  0]LogPakFile: OnPakFileMounted2Time == 0.000225
[2024.03.25-21.57.18:234][  0]LogPakFile: PakFile PrimaryIndexSize=192
[2024.03.25-21.57.18:234][  0]LogPakFile: PakFile PathHashIndexSize=101
[2024.03.25-21.57.18:234][  0]LogPakFile: PakFile FullDirectoryIndexSize=158
[2024.03.25-21.57.18:235][  0]LogShaderLibrary: Display: ShaderCodeLibraryPakFileMountedCallback: PakFile 'C:/Program Files/Epic Games/UE_4.27/FeaturePacks/TP_2DSideScrollerBP.upack' (chunk index -1, root 'root:/') mounted
[2024.03.25-21.57.18:235][  0]LogShaderLibrary: Display: ShaderCodeLibraryPakFileMountedCallback: pending pak file info (ChunkID:-1 Root:root:/ File:C:/Program Files/Epic Games/UE_4.27/FeaturePacks/TP_2DSideScrollerBP.upack)
[2024.03.25-21.57.18:235][  0]LogPakFile: OnPakFileMounted2Time == 0.000199
[2024.03.25-21.57.18:236][  0]LogPakFile: PakFile PrimaryIndexSize=182
[2024.03.25-21.57.18:236][  0]LogPakFile: PakFile PathHashIndexSize=101
[2024.03.25-21.57.18:237][  0]LogPakFile: PakFile FullDirectoryIndexSize=138
[2024.03.25-21.57.18:237][  0]LogShaderLibrary: Display: ShaderCodeLibraryPakFileMountedCallback: PakFile 'C:/Program Files/Epic Games/UE_4.27/FeaturePacks/TP_Flying.upack' (chunk index -1, root 'root:/') mounted
[2024.03.25-21.57.18:237][  0]LogShaderLibrary: Display: ShaderCodeLibraryPakFileMountedCallback: pending pak file info (ChunkID:-1 Root:root:/ File:C:/Program Files/Epic Games/UE_4.27/FeaturePacks/TP_Flying.upack)
[2024.03.25-21.57.18:237][  0]LogPakFile: OnPakFileMounted2Time == 0.000220
[2024.03.25-21.57.18:239][  0]LogPakFile: PakFile PrimaryIndexSize=184
[2024.03.25-21.57.18:239][  0]LogPakFile: PakFile PathHashIndexSize=101
[2024.03.25-21.57.18:239][  0]LogPakFile: PakFile FullDirectoryIndexSize=142
[2024.03.25-21.57.18:239][  0]LogShaderLibrary: Display: ShaderCodeLibraryPakFileMountedCallback: PakFile 'C:/Program Files/Epic Games/UE_4.27/FeaturePacks/TP_FlyingBP.upack' (chunk index -1, root 'root:/') mounted
[2024.03.25-21.57.18:239][  0]LogShaderLibrary: Display: ShaderCodeLibraryPakFileMountedCallback: pending pak file info (ChunkID:-1 Root:root:/ File:C:/Program Files/Epic Games/UE_4.27/FeaturePacks/TP_FlyingBP.upack)
[2024.03.25-21.57.18:239][  0]LogPakFile: OnPakFileMounted2Time == 0.000229
[2024.03.25-21.57.18:241][  0]LogPakFile: PakFile PrimaryIndexSize=188
[2024.03.25-21.57.18:241][  0]LogPakFile: PakFile PathHashIndexSize=101
[2024.03.25-21.57.18:241][  0]LogPakFile: PakFile FullDirectoryIndexSize=150
[2024.03.25-21.57.18:241][  0]LogShaderLibrary: Display: ShaderCodeLibraryPakFileMountedCallback: PakFile 'C:/Program Files/Epic Games/UE_4.27/FeaturePacks/TP_HandheldARBP.upack' (chunk index -1, root 'root:/') mounted
[2024.03.25-21.57.18:241][  0]LogShaderLibrary: Display: ShaderCodeLibraryPakFileMountedCallback: pending pak file info (ChunkID:-1 Root:root:/ File:C:/Program Files/Epic Games/UE_4.27/FeaturePacks/TP_HandheldARBP.upack)
[2024.03.25-21.57.18:241][  0]LogPakFile: OnPakFileMounted2Time == 0.000215
[2024.03.25-21.57.18:244][  0]LogPakFile: PakFile PrimaryIndexSize=182
[2024.03.25-21.57.18:245][  0]LogPakFile: PakFile PathHashIndexSize=101
[2024.03.25-21.57.18:245][  0]LogPakFile: PakFile FullDirectoryIndexSize=138
[2024.03.25-21.57.18:245][  0]LogShaderLibrary: Display: ShaderCodeLibraryPakFileMountedCallback: PakFile 'C:/Program Files/Epic Games/UE_4.27/FeaturePacks/TP_Puzzle.upack' (chunk index -1, root 'root:/') mounted
[2024.03.25-21.57.18:245][  0]LogShaderLibrary: Display: ShaderCodeLibraryPakFileMountedCallback: pending pak file info (ChunkID:-1 Root:root:/ File:C:/Program Files/Epic Games/UE_4.27/FeaturePacks/TP_Puzzle.upack)
[2024.03.25-21.57.18:245][  0]LogPakFile: OnPakFileMounted2Time == 0.000239
[2024.03.25-21.57.18:247][  0]LogPakFile: PakFile PrimaryIndexSize=184
[2024.03.25-21.57.18:247][  0]LogPakFile: PakFile PathHashIndexSize=101
[2024.03.25-21.57.18:247][  0]LogPakFile: PakFile FullDirectoryIndexSize=142
[2024.03.25-21.57.18:247][  0]LogShaderLibrary: Display: ShaderCodeLibraryPakFileMountedCallback: PakFile 'C:/Program Files/Epic Games/UE_4.27/FeaturePacks/TP_PuzzleBP.upack' (chunk index -1, root 'root:/') mounted
[2024.03.25-21.57.18:247][  0]LogShaderLibrary: Display: ShaderCodeLibraryPakFileMountedCallback: pending pak file info (ChunkID:-1 Root:root:/ File:C:/Program Files/Epic Games/UE_4.27/FeaturePacks/TP_PuzzleBP.upack)
[2024.03.25-21.57.18:247][  0]LogPakFile: OnPakFileMounted2Time == 0.000206
[2024.03.25-21.57.18:249][  0]LogPakFile: PakFile PrimaryIndexSize=183
[2024.03.25-21.57.18:249][  0]LogPakFile: PakFile PathHashIndexSize=101
[2024.03.25-21.57.18:249][  0]LogPakFile: PakFile FullDirectoryIndexSize=140
[2024.03.25-21.57.18:249][  0]LogShaderLibrary: Display: ShaderCodeLibraryPakFileMountedCallback: PakFile 'C:/Program Files/Epic Games/UE_4.27/FeaturePacks/TP_Rolling.upack' (chunk index -1, root 'root:/') mounted
[2024.03.25-21.57.18:249][  0]LogShaderLibrary: Display: ShaderCodeLibraryPakFileMountedCallback: pending pak file info (ChunkID:-1 Root:root:/ File:C:/Program Files/Epic Games/UE_4.27/FeaturePacks/TP_Rolling.upack)
[2024.03.25-21.57.18:249][  0]LogPakFile: OnPakFileMounted2Time == 0.000217
[2024.03.25-21.57.18:251][  0]LogPakFile: PakFile PrimaryIndexSize=185
[2024.03.25-21.57.18:251][  0]LogPakFile: PakFile PathHashIndexSize=101
[2024.03.25-21.57.18:251][  0]LogPakFile: PakFile FullDirectoryIndexSize=144
[2024.03.25-21.57.18:251][  0]LogShaderLibrary: Display: ShaderCodeLibraryPakFileMountedCallback: PakFile 'C:/Program Files/Epic Games/UE_4.27/FeaturePacks/TP_RollingBP.upack' (chunk index -1, root 'root:/') mounted
[2024.03.25-21.57.18:251][  0]LogShaderLibrary: Display: ShaderCodeLibraryPakFileMountedCallback: pending pak file info (ChunkID:-1 Root:root:/ File:C:/Program Files/Epic Games/UE_4.27/FeaturePacks/TP_RollingBP.upack)
[2024.03.25-21.57.18:251][  0]LogPakFile: OnPakFileMounted2Time == 0.000230
[2024.03.25-21.57.18:253][  0]LogPakFile: PakFile PrimaryIndexSize=188
[2024.03.25-21.57.18:253][  0]LogPakFile: PakFile PathHashIndexSize=101
[2024.03.25-21.57.18:253][  0]LogPakFile: PakFile FullDirectoryIndexSize=150
[2024.03.25-21.57.18:253][  0]LogShaderLibrary: Display: ShaderCodeLibraryPakFileMountedCallback: PakFile 'C:/Program Files/Epic Games/UE_4.27/FeaturePacks/TP_SideScroller.upack' (chunk index -1, root 'root:/') mounted
[2024.03.25-21.57.18:253][  0]LogShaderLibrary: Display: ShaderCodeLibraryPakFileMountedCallback: pending pak file info (ChunkID:-1 Root:root:/ File:C:/Program Files/Epic Games/UE_4.27/FeaturePacks/TP_SideScroller.upack)
[2024.03.25-21.57.18:253][  0]LogPakFile: OnPakFileMounted2Time == 0.000224
[2024.03.25-21.57.18:255][  0]LogPakFile: PakFile PrimaryIndexSize=190
[2024.03.25-21.57.18:255][  0]LogPakFile: PakFile PathHashIndexSize=101
[2024.03.25-21.57.18:256][  0]LogPakFile: PakFile FullDirectoryIndexSize=154
[2024.03.25-21.57.18:256][  0]LogShaderLibrary: Display: ShaderCodeLibraryPakFileMountedCallback: PakFile 'C:/Program Files/Epic Games/UE_4.27/FeaturePacks/TP_SideScrollerBP.upack' (chunk index -1, root 'root:/') mounted
[2024.03.25-21.57.18:256][  0]LogShaderLibrary: Display: ShaderCodeLibraryPakFileMountedCallback: pending pak file info (ChunkID:-1 Root:root:/ File:C:/Program Files/Epic Games/UE_4.27/FeaturePacks/TP_SideScrollerBP.upack)
[2024.03.25-21.57.18:256][  0]LogPakFile: OnPakFileMounted2Time == 0.000241
[2024.03.25-21.57.18:258][  0]LogPakFile: PakFile PrimaryIndexSize=187
[2024.03.25-21.57.18:258][  0]LogPakFile: PakFile PathHashIndexSize=101
[2024.03.25-21.57.18:258][  0]LogPakFile: PakFile FullDirectoryIndexSize=148
[2024.03.25-21.57.18:258][  0]LogShaderLibrary: Display: ShaderCodeLibraryPakFileMountedCallback: PakFile 'C:/Program Files/Epic Games/UE_4.27/FeaturePacks/TP_ThirdPerson.upack' (chunk index -1, root 'root:/') mounted
[2024.03.25-21.57.18:258][  0]LogShaderLibrary: Display: ShaderCodeLibraryPakFileMountedCallback: pending pak file info (ChunkID:-1 Root:root:/ File:C:/Program Files/Epic Games/UE_4.27/FeaturePacks/TP_ThirdPerson.upack)
[2024.03.25-21.57.18:258][  0]LogPakFile: OnPakFileMounted2Time == 0.000267
[2024.03.25-21.57.18:260][  0]LogPakFile: PakFile PrimaryIndexSize=189
[2024.03.25-21.57.18:260][  0]LogPakFile: PakFile PathHashIndexSize=101
[2024.03.25-21.57.18:260][  0]LogPakFile: PakFile FullDirectoryIndexSize=152
[2024.03.25-21.57.18:261][  0]LogShaderLibrary: Display: ShaderCodeLibraryPakFileMountedCallback: PakFile 'C:/Program Files/Epic Games/UE_4.27/FeaturePacks/TP_ThirdPersonBP.upack' (chunk index -1, root 'root:/') mounted
[2024.03.25-21.57.18:261][  0]LogShaderLibrary: Display: ShaderCodeLibraryPakFileMountedCallback: pending pak file info (ChunkID:-1 Root:root:/ File:C:/Program Files/Epic Games/UE_4.27/FeaturePacks/TP_ThirdPersonBP.upack)
[2024.03.25-21.57.18:261][  0]LogPakFile: OnPakFileMounted2Time == 0.000253
[2024.03.25-21.57.18:263][  0]LogPakFile: PakFile PrimaryIndexSize=183
[2024.03.25-21.57.18:263][  0]LogPakFile: PakFile PathHashIndexSize=101
[2024.03.25-21.57.18:263][  0]LogPakFile: PakFile FullDirectoryIndexSize=140
[2024.03.25-21.57.18:263][  0]LogShaderLibrary: Display: ShaderCodeLibraryPakFileMountedCallback: PakFile 'C:/Program Files/Epic Games/UE_4.27/FeaturePacks/TP_TopDown.upack' (chunk index -1, root 'root:/') mounted
[2024.03.25-21.57.18:263][  0]LogShaderLibrary: Display: ShaderCodeLibraryPakFileMountedCallback: pending pak file info (ChunkID:-1 Root:root:/ File:C:/Program Files/Epic Games/UE_4.27/FeaturePacks/TP_TopDown.upack)
[2024.03.25-21.57.18:264][  0]LogPakFile: OnPakFileMounted2Time == 0.000230
[2024.03.25-21.57.18:265][  0]LogPakFile: PakFile PrimaryIndexSize=185
[2024.03.25-21.57.18:265][  0]LogPakFile: PakFile PathHashIndexSize=101
[2024.03.25-21.57.18:265][  0]LogPakFile: PakFile FullDirectoryIndexSize=144
[2024.03.25-21.57.18:265][  0]LogShaderLibrary: Display: ShaderCodeLibraryPakFileMountedCallback: PakFile 'C:/Program Files/Epic Games/UE_4.27/FeaturePacks/TP_TopDownBP.upack' (chunk index -1, root 'root:/') mounted
[2024.03.25-21.57.18:265][  0]LogShaderLibrary: Display: ShaderCodeLibraryPakFileMountedCallback: pending pak file info (ChunkID:-1 Root:root:/ File:C:/Program Files/Epic Games/UE_4.27/FeaturePacks/TP_TopDownBP.upack)
[2024.03.25-21.57.18:267][  0]LogPakFile: OnPakFileMounted2Time == 0.000250
[2024.03.25-21.57.18:269][  0]LogPakFile: PakFile PrimaryIndexSize=185
[2024.03.25-21.57.18:269][  0]LogPakFile: PakFile PathHashIndexSize=101
[2024.03.25-21.57.18:269][  0]LogPakFile: PakFile FullDirectoryIndexSize=144
[2024.03.25-21.57.18:269][  0]LogShaderLibrary: Display: ShaderCodeLibraryPakFileMountedCallback: PakFile 'C:/Program Files/Epic Games/UE_4.27/FeaturePacks/TP_TwinStick.upack' (chunk index -1, root 'root:/') mounted
[2024.03.25-21.57.18:269][  0]LogShaderLibrary: Display: ShaderCodeLibraryPakFileMountedCallback: pending pak file info (ChunkID:-1 Root:root:/ File:C:/Program Files/Epic Games/UE_4.27/FeaturePacks/TP_TwinStick.upack)
[2024.03.25-21.57.18:269][  0]LogPakFile: OnPakFileMounted2Time == 0.000250
[2024.03.25-21.57.18:272][  0]LogPakFile: PakFile PrimaryIndexSize=187
[2024.03.25-21.57.18:272][  0]LogPakFile: PakFile PathHashIndexSize=101
[2024.03.25-21.57.18:272][  0]LogPakFile: PakFile FullDirectoryIndexSize=148
[2024.03.25-21.57.18:272][  0]LogShaderLibrary: Display: ShaderCodeLibraryPakFileMountedCallback: PakFile 'C:/Program Files/Epic Games/UE_4.27/FeaturePacks/TP_TwinStickBP.upack' (chunk index -1, root 'root:/') mounted
[2024.03.25-21.57.18:272][  0]LogShaderLibrary: Display: ShaderCodeLibraryPakFileMountedCallback: pending pak file info (ChunkID:-1 Root:root:/ File:C:/Program Files/Epic Games/UE_4.27/FeaturePacks/TP_TwinStickBP.upack)
[2024.03.25-21.57.18:272][  0]LogPakFile: OnPakFileMounted2Time == 0.000239
[2024.03.25-21.57.18:274][  0]LogPakFile: PakFile PrimaryIndexSize=183
[2024.03.25-21.57.18:275][  0]LogPakFile: PakFile PathHashIndexSize=101
[2024.03.25-21.57.18:275][  0]LogPakFile: PakFile FullDirectoryIndexSize=140
[2024.03.25-21.57.18:275][  0]LogShaderLibrary: Display: ShaderCodeLibraryPakFileMountedCallback: PakFile 'C:/Program Files/Epic Games/UE_4.27/FeaturePacks/TP_Vehicle.upack' (chunk index -1, root 'root:/') mounted
[2024.03.25-21.57.18:275][  0]LogShaderLibrary: Display: ShaderCodeLibraryPakFileMountedCallback: pending pak file info (ChunkID:-1 Root:root:/ File:C:/Program Files/Epic Games/UE_4.27/FeaturePacks/TP_Vehicle.upack)
[2024.03.25-21.57.18:275][  0]LogPakFile: OnPakFileMounted2Time == 0.000248
[2024.03.25-21.57.18:277][  0]LogPakFile: PakFile PrimaryIndexSize=186
[2024.03.25-21.57.18:277][  0]LogPakFile: PakFile PathHashIndexSize=101
[2024.03.25-21.57.18:277][  0]LogPakFile: PakFile FullDirectoryIndexSize=146
[2024.03.25-21.57.18:277][  0]LogShaderLibrary: Display: ShaderCodeLibraryPakFileMountedCallback: PakFile 'C:/Program Files/Epic Games/UE_4.27/FeaturePacks/TP_VehicleAdv.upack' (chunk index -1, root 'root:/') mounted
[2024.03.25-21.57.18:277][  0]LogShaderLibrary: Display: ShaderCodeLibraryPakFileMountedCallback: pending pak file info (ChunkID:-1 Root:root:/ File:C:/Program Files/Epic Games/UE_4.27/FeaturePacks/TP_VehicleAdv.upack)
[2024.03.25-21.57.18:277][  0]LogPakFile: OnPakFileMounted2Time == 0.000227
[2024.03.25-21.57.18:279][  0]LogPakFile: PakFile PrimaryIndexSize=188
[2024.03.25-21.57.18:279][  0]LogPakFile: PakFile PathHashIndexSize=101
[2024.03.25-21.57.18:279][  0]LogPakFile: PakFile FullDirectoryIndexSize=150
[2024.03.25-21.57.18:279][  0]LogShaderLibrary: Display: ShaderCodeLibraryPakFileMountedCallback: PakFile 'C:/Program Files/Epic Games/UE_4.27/FeaturePacks/TP_VehicleAdvBP.upack' (chunk index -1, root 'root:/') mounted
[2024.03.25-21.57.18:279][  0]LogShaderLibrary: Display: ShaderCodeLibraryPakFileMountedCallback: pending pak file info (ChunkID:-1 Root:root:/ File:C:/Program Files/Epic Games/UE_4.27/FeaturePacks/TP_VehicleAdvBP.upack)
[2024.03.25-21.57.18:279][  0]LogPakFile: OnPakFileMounted2Time == 0.000217
[2024.03.25-21.57.18:283][  0]LogPakFile: PakFile PrimaryIndexSize=185
[2024.03.25-21.57.18:283][  0]LogPakFile: PakFile PathHashIndexSize=101
[2024.03.25-21.57.18:283][  0]LogPakFile: PakFile FullDirectoryIndexSize=144
[2024.03.25-21.57.18:283][  0]LogShaderLibrary: Display: ShaderCodeLibraryPakFileMountedCallback: PakFile 'C:/Program Files/Epic Games/UE_4.27/FeaturePacks/TP_VehicleBP.upack' (chunk index -1, root 'root:/') mounted
[2024.03.25-21.57.18:283][  0]LogShaderLibrary: Display: ShaderCodeLibraryPakFileMountedCallback: pending pak file info (ChunkID:-1 Root:root:/ File:C:/Program Files/Epic Games/UE_4.27/FeaturePacks/TP_VehicleBP.upack)
[2024.03.25-21.57.18:283][  0]LogPakFile: OnPakFileMounted2Time == 0.000221
[2024.03.25-21.57.18:286][  0]LogPakFile: PakFile PrimaryIndexSize=192
[2024.03.25-21.57.18:286][  0]LogPakFile: PakFile PathHashIndexSize=101
[2024.03.25-21.57.18:286][  0]LogPakFile: PakFile FullDirectoryIndexSize=158
[2024.03.25-21.57.18:286][  0]LogShaderLibrary: Display: ShaderCodeLibraryPakFileMountedCallback: PakFile 'C:/Program Files/Epic Games/UE_4.27/FeaturePacks/TP_VirtualRealityBP.upack' (chunk index -1, root 'root:/') mounted
[2024.03.25-21.57.18:286][  0]LogShaderLibrary: Display: ShaderCodeLibraryPakFileMountedCallback: pending pak file info (ChunkID:-1 Root:root:/ File:C:/Program Files/Epic Games/UE_4.27/FeaturePacks/TP_VirtualRealityBP.upack)
[2024.03.25-21.57.18:286][  0]LogPakFile: OnPakFileMounted2Time == 0.000213
[2024.03.25-21.57.18:452][  0]LogNativeClassHierarchy: Verbose: Native class hierarchy updated for 'AddContentDialog' in 0.0003 seconds. Added 0 classes and 0 folders.
[2024.03.25-21.57.18:533][  0]LogNativeClassHierarchy: Verbose: Native class hierarchy updated for 'SceneOutliner' in 0.0003 seconds. Added 2 classes and 0 folders.
[2024.03.25-21.57.18:630][  0]LogSlate: Took 0.000935 seconds to synchronously load lazily loaded font '../../../Engine/Content/Slate/Fonts/Roboto-Regular.ttf' (155K)
[2024.03.25-21.57.18:633][  0]LogSlate: Took 0.000918 seconds to synchronously load lazily loaded font '../../../Engine/Content/Editor/Slate/Fonts/FontAwesome.ttf' (139K)
[2024.03.25-21.57.18:635][  0]LogSlate: Took 0.000836 seconds to synchronously load lazily loaded font '../../../Engine/Content/Slate/Fonts/Roboto-Bold.ttf' (160K)
[2024.03.25-21.57.18:761][  0]LogRenderer: Reallocating scene render targets to support 1212x568 Format 10 NumSamples 1 (Frame:1).
[2024.03.25-21.57.18:847][  0]LogSlate: Took 0.001352 seconds to synchronously load lazily loaded font '../../../Engine/Content/Slate/Fonts/Roboto-Light.ttf' (167K)
[2024.03.25-21.57.18:985][  0]LogNativeClassHierarchy: Verbose: Native class hierarchy updated for 'HierarchicalLODOutliner' in 0.0003 seconds. Added 0 classes and 0 folders.
[2024.03.25-21.57.18:985][  0]LogLoad: (Engine Initialization) Total time: 21.12 seconds
[2024.03.25-21.57.18:986][  0]LogLoad: (Engine Initialization) Total Blueprint compile time: 0.00 seconds
[2024.03.25-21.57.19:106][  0]LogAssetRegistry: Asset discovery search completed in 10.8445 seconds
[2024.03.25-21.57.19:118][  0]LogCollectionManager: Fixed up redirectors for 0 collections in 0.000004 seconds (updated 0 objects)
[2024.03.25-21.57.19:120][  0]LogContentStreaming: Texture pool size now 1000 MB
[2024.03.25-21.57.20:027][ 40]LogSlate: Took 0.000291 seconds to synchronously load lazily loaded font '../../../Engine/Content/Slate/Fonts/Roboto-Light.ttf' (167K)
[2024.03.25-21.57.28:293][527]LogUObjectHash: Compacting FUObjectHashTables data took   0.55ms
[2024.03.25-21.57.28:340][527]LogAssetEditorSubsystem: Opening Asset editor for World /Game/Core/Maps/CoreTestingMap.CoreTestingMap
[2024.03.25-21.57.28:342][527]Cmd: MAP LOAD FILE="../../../../../../Users/sephe/OneDrive/Desktop/Unreal/UnrealProjects/A__SmothersSephen/Content/Core/Maps/CoreTestingMap.umap" TEMPLATE=0 SHOWPROGRESS=1 FEATURELEVEL=3
[2024.03.25-21.57.28:343][527]LightingResults: New page: Lighting Build
[2024.03.25-21.57.28:343][527]LoadErrors: New page: Loading map: CoreTestingMap.umap
[2024.03.25-21.57.28:345][527]LogWorld: UWorld::CleanupWorld for BlueprintTestingMap, bSessionEnded=true, bCleanupResources=true
[2024.03.25-21.57.28:345][527]LogSlate: InvalidateAllWidgets triggered.  All widgets were invalidated
[2024.03.25-21.57.28:346][527]MapCheck: New page: Map Check
[2024.03.25-21.57.28:346][527]LightingResults: New page: Lighting Build
[2024.03.25-21.57.28:352][527]LogAudio: Display: Audio Device unregistered from world 'None'.
[2024.03.25-21.57.28:356][527]LogUObjectHash: Compacting FUObjectHashTables data took   0.62ms
[2024.03.25-21.57.28:357][527]LogAudio: Display: Audio Device (ID: 1) registered with world 'CoreTestingMap'.
[2024.03.25-21.57.28:416][527]LogEditorServer: Finished looking for orphan Actors (0.000 secs)
[2024.03.25-21.57.28:416][527]LogAIModule: Creating AISystem for world CoreTestingMap
[2024.03.25-21.57.28:425][527]LogUObjectHash: Compacting FUObjectHashTables data took   0.60ms
[2024.03.25-21.57.28:434][527]Cmd: MAP CHECKDEP NOCLEARLOG
[2024.03.25-21.57.28:435][527]MapCheck: Map check complete: 0 Error(s), 0 Warning(s), took 0.213ms to complete.
[2024.03.25-21.57.28:435][527]LogFileHelpers: Loading map 'CoreTestingMap' took 0.093
[2024.03.25-21.57.30:794][662]LogTemp: Repeating last play command: Selected Viewport
[2024.03.25-21.57.30:802][662]LogPlayLevel: PlayLevel: No blueprints needed recompiling
[2024.03.25-21.57.30:802][662]PIE: New page: PIE session: CoreTestingMap (Mar 25, 2024, 1:57:30 PM)
[2024.03.25-21.57.30:808][662]LogOnline: OSS: Creating online subsystem instance for: NULL
[2024.03.25-21.57.30:814][662]LogOnline: OSS: TryLoadSubsystemAndSetDefault: Loaded subsystem for module [NULL]
[2024.03.25-21.57.30:814][662]LogPlayLevel: Creating play world package: /Game/Core/Maps/UEDPIE_0_CoreTestingMap
[2024.03.25-21.57.30:816][662]LogPlayLevel: PIE: StaticDuplicateObject took: (0.002273s)
[2024.03.25-21.57.30:818][662]LogAIModule: Creating AISystem for world CoreTestingMap
[2024.03.25-21.57.30:818][662]LogPlayLevel: PIE: World Init took: (0.001447s)
[2024.03.25-21.57.30:818][662]LogPlayLevel: PIE: Created PIE world by copying editor world from /Game/Core/Maps/CoreTestingMap.CoreTestingMap to /Game/Core/Maps/UEDPIE_0_CoreTestingMap.CoreTestingMap (0.004432s)
[2024.03.25-21.57.30:824][662]LogUObjectHash: Compacting FUObjectHashTables data took   0.45ms
[2024.03.25-21.57.30:825][662]LogAudio: Display: Creating Audio Device:                 Id: 2, Scope: Unique, Realtime: True
[2024.03.25-21.57.30:825][662]LogAudioMixer: Display: Audio Mixer Platform Settings:
[2024.03.25-21.57.30:826][662]LogAudioMixer: Display: 	Sample Rate:						  48000
[2024.03.25-21.57.30:826][662]LogAudioMixer: Display: 	Callback Buffer Frame Size Requested: 1024
[2024.03.25-21.57.30:826][662]LogAudioMixer: Display: 	Callback Buffer Frame Size To Use:	  1024
[2024.03.25-21.57.30:826][662]LogAudioMixer: Display: 	Number of buffers to queue:			  2
[2024.03.25-21.57.30:826][662]LogAudioMixer: Display: 	Max Channels (voices):				  32
[2024.03.25-21.57.30:826][662]LogAudioMixer: Display: 	Number of Async Source Workers:		  0
[2024.03.25-21.57.30:827][662]LogAudio: Display: AudioDevice MaxSources: 32
[2024.03.25-21.57.30:827][662]LogAudio: Display: Audio Spatialization Plugin: None (built-in).
[2024.03.25-21.57.30:827][662]LogAudio: Display: Audio Reverb Plugin: None (built-in).
[2024.03.25-21.57.30:827][662]LogAudio: Display: Audio Occlusion Plugin: None (built-in).
[2024.03.25-21.57.30:827][662]LogAudioMixer: Display: Initializing audio mixer.
[2024.03.25-21.57.30:833][662]LogAudioMixer: Display: 0: FrontLeft
[2024.03.25-21.57.30:833][662]LogAudioMixer: Display: 1: FrontRight
[2024.03.25-21.57.30:913][662]LogAudioMixer: Display: Using Audio Device Speakers (Realtek(R) Audio)
[2024.03.25-21.57.30:913][662]LogAudioMixer: Display: Initializing Sound Submixes...
[2024.03.25-21.57.30:913][662]LogAudioMixer: Display: Creating Master Submix 'MasterSubmixDefault'
[2024.03.25-21.57.30:913][662]LogAudioMixer: Display: Creating Master Submix 'MasterReverbSubmixDefault'
[2024.03.25-21.57.30:913][662]LogAudioMixer: Display: Creating Master Submix 'MasterEQSubmixDefault'
[2024.03.25-21.57.30:913][662]LogAudioMixer: FMixerPlatformXAudio2::StartAudioStream() called
[2024.03.25-21.57.30:915][662]LogAudioMixer: Display: Output buffers initialized: Frames=1024, Channels=2, Samples=2048
[2024.03.25-21.57.30:916][662]LogAudioMixer: Display: Starting AudioMixerPlatformInterface::RunInternal()
[2024.03.25-21.57.30:916][662]LogAudioMixer: Display: FMixerPlatformXAudio2::SubmitBuffer() called for the first time
[2024.03.25-21.57.30:916][662]LogInit: FAudioDevice initialized.
[2024.03.25-21.57.30:916][662]LogAudio: Display: Audio Device (ID: 2) registered with world 'CoreTestingMap'.
[2024.03.25-21.57.30:927][662]LogLoad: Game class is 'BP_CoreGameMode_C'
[2024.03.25-21.57.30:928][662]LogWorld: Bringing World /Game/Core/Maps/UEDPIE_0_CoreTestingMap.CoreTestingMap up for play (max tick rate 60) at 2024.03.25-17.57.30
[2024.03.25-21.57.30:928][662]LogWorld: Bringing up level for play took: 0.000505
[2024.03.25-21.57.30:928][662]LogOnline: OSS: Creating online subsystem instance for: :Context_3
[2024.03.25-21.57.30:934][662]LogNativeClassHierarchy: Verbose: Native class hierarchy updated for 'MovieSceneCapture' in 0.0002 seconds. Added 20 classes and 0 folders.
[2024.03.25-21.57.30:936][662]PIE: Server logged in
[2024.03.25-21.57.30:939][662]PIE: Play in editor total start time 0.138 seconds.
